# JRE version: OpenJDK Runtime Environment (8.0_121-b13) (build 1.8.0_121-8u121-b13-0ubuntu1.16.10.2-b13)
# Java VM: OpenJDK 64-Bit Server VM (25.121-b13 mixed mode linux-amd64 compressed oops)
Heap:
 PSYoungGen      total 491008K, used 0K [0x00000000d5580000, 0x0000000100000000, 0x0000000100000000)
  eden space 341504K, 0% used [0x00000000d5580000,0x00000000d5580000,0x00000000ea300000)
  from space 149504K, 0% used [0x00000000ea300000,0x00000000ea300000,0x00000000f3500000)
  to   space 199168K, 0% used [0x00000000f3d80000,0x00000000f3d80000,0x0000000100000000)
 ParOldGen       total 303104K, used 270077K [0x0000000080000000, 0x0000000092800000, 0x00000000d5580000)
  object space 303104K, 89% used [0x0000000080000000,0x00000000907bf778,0x0000000092800000)
 Metaspace       used 66362K, capacity 68414K, committed 68864K, reserved 1110016K
  class space    used 8364K, capacity 8839K, committed 8960K, reserved 1048576K
GC Heap History (10 events):
Event: 59.200 GC heap after
Heap after GC invocations=36 (full 6):
 PSYoungGen      total 521216K, used 105982K [0x00000000d5580000, 0x0000000100000000, 0x0000000100000000)
  eden space 415232K, 0% used [0x00000000d5580000,0x00000000d5580000,0x00000000eeb00000)
  from space 105984K, 99% used [0x00000000f7180000,0x00000000fd8ffb80,0x00000000fd900000)
  to   space 137728K, 0% used [0x00000000eeb00000,0x00000000eeb00000,0x00000000f7180000)
 ParOldGen       total 283136K, used 196051K [0x0000000080000000, 0x0000000091480000, 0x00000000d5580000)
  object space 283136K, 69% used [0x0000000080000000,0x000000008bf74e80,0x0000000091480000)
 Metaspace       used 65680K, capacity 67648K, committed 67968K, reserved 1107968K
  class space    used 8295K, capacity 8764K, committed 8832K, reserved 1048576K
}
Event: 62.419 GC heap before
{Heap before GC invocations=37 (full 6):
 PSYoungGen      total 521216K, used 521214K [0x00000000d5580000, 0x0000000100000000, 0x0000000100000000)
  eden space 415232K, 100% used [0x00000000d5580000,0x00000000eeb00000,0x00000000eeb00000)
  from space 105984K, 99% used [0x00000000f7180000,0x00000000fd8ffb80,0x00000000fd900000)
  to   space 137728K, 0% used [0x00000000eeb00000,0x00000000eeb00000,0x00000000f7180000)
 ParOldGen       total 283136K, used 196051K [0x0000000080000000, 0x0000000091480000, 0x00000000d5580000)
  object space 283136K, 69% used [0x0000000080000000,0x000000008bf74e80,0x0000000091480000)
 Metaspace       used 66213K, capacity 68226K, committed 68480K, reserved 1110016K
  class space    used 8350K, capacity 8829K, committed 8832K, reserved 1048576K
Event: 62.612 GC heap after
Heap after GC invocations=37 (full 6):
 PSYoungGen      total 536064K, used 120528K [0x00000000d5580000, 0x0000000100000000, 0x0000000100000000)
  eden space 415232K, 0% used [0x00000000d5580000,0x00000000d5580000,0x00000000eeb00000)
  from space 120832K, 99% used [0x00000000eeb00000,0x00000000f60b43a0,0x00000000f6100000)
  to   space 156160K, 0% used [0x00000000f6780000,0x00000000f6780000,0x0000000100000000)
 ParOldGen       total 283136K, used 197275K [0x0000000080000000, 0x0000000091480000, 0x00000000d5580000)
  object space 283136K, 69% used [0x0000000080000000,0x000000008c0a6ee0,0x0000000091480000)
 Metaspace       used 66213K, capacity 68226K, committed 68480K, reserved 1110016K
  class space    used 8350K, capacity 8829K, committed 8832K, reserved 1048576K
}
Event: 65.314 GC heap before
{Heap before GC invocations=38 (full 6):
 PSYoungGen      total 536064K, used 472382K [0x00000000d5580000, 0x0000000100000000, 0x0000000100000000)
  eden space 415232K, 84% used [0x00000000d5580000,0x00000000ead1b6c8,0x00000000eeb00000)
  from space 120832K, 99% used [0x00000000eeb00000,0x00000000f60b43a0,0x00000000f6100000)
  to   space 156160K, 0% used [0x00000000f6780000,0x00000000f6780000,0x0000000100000000)
 ParOldGen       total 283136K, used 197275K [0x0000000080000000, 0x0000000091480000, 0x00000000d5580000)
  object space 283136K, 69% used [0x0000000080000000,0x000000008c0a6ee0,0x0000000091480000)
 Metaspace       used 66361K, capacity 68414K, committed 68864K, reserved 1110016K
  class space    used 8364K, capacity 8839K, committed 8960K, reserved 1048576K
Event: 65.728 GC heap after
Heap after GC invocations=38 (full 6):
 PSYoungGen      total 497664K, used 143046K [0x00000000d5580000, 0x0000000100000000, 0x0000000100000000)
  eden space 341504K, 0% used [0x00000000d5580000,0x00000000d5580000,0x00000000ea300000)
  from space 156160K, 91% used [0x00000000f6780000,0x00000000ff331970,0x0000000100000000)
  to   space 178688K, 0% used [0x00000000ea300000,0x00000000ea300000,0x00000000f5180000)
 ParOldGen       total 283136K, used 236608K [0x0000000080000000, 0x0000000091480000, 0x00000000d5580000)
  object space 283136K, 83% used [0x0000000080000000,0x000000008e7103f8,0x0000000091480000)
 Metaspace       used 66361K, capacity 68414K, committed 68864K, reserved 1110016K
  class space    used 8364K, capacity 8839K, committed 8960K, reserved 1048576K
}
Event: 65.728 GC heap before
{Heap before GC invocations=39 (full 7):
 PSYoungGen      total 497664K, used 143046K [0x00000000d5580000, 0x0000000100000000, 0x0000000100000000)
  eden space 341504K, 0% used [0x00000000d5580000,0x00000000d5580000,0x00000000ea300000)
  from space 156160K, 91% used [0x00000000f6780000,0x00000000ff331970,0x0000000100000000)
  to   space 178688K, 0% used [0x00000000ea300000,0x00000000ea300000,0x00000000f5180000)
 ParOldGen       total 283136K, used 236608K [0x0000000080000000, 0x0000000091480000, 0x00000000d5580000)
  object space 283136K, 83% used [0x0000000080000000,0x000000008e7103f8,0x0000000091480000)
 Metaspace       used 66361K, capacity 68414K, committed 68864K, reserved 1110016K
  class space    used 8364K, capacity 8839K, committed 8960K, reserved 1048576K
Event: 66.346 GC heap after
Heap after GC invocations=39 (full 7):
 PSYoungGen      total 497664K, used 0K [0x00000000d5580000, 0x0000000100000000, 0x0000000100000000)
  eden space 341504K, 0% used [0x00000000d5580000,0x00000000d5580000,0x00000000ea300000)
  from space 156160K, 0% used [0x00000000f6780000,0x00000000f6780000,0x0000000100000000)
  to   space 178688K, 0% used [0x00000000ea300000,0x00000000ea300000,0x00000000f5180000)
 ParOldGen       total 303104K, used 171201K [0x0000000080000000, 0x0000000092800000, 0x00000000d5580000)
  object space 303104K, 56% used [0x0000000080000000,0x000000008a7306d8,0x0000000092800000)
 Metaspace       used 66361K, capacity 68414K, committed 68864K, reserved 1110016K
  class space    used 8364K, capacity 8839K, committed 8960K, reserved 1048576K
}
Event: 68.027 GC heap before
{Heap before GC invocations=40 (full 7):
 PSYoungGen      total 497664K, used 332944K [0x00000000d5580000, 0x0000000100000000, 0x0000000100000000)
  eden space 341504K, 97% used [0x00000000d5580000,0x00000000e9aa42e8,0x00000000ea300000)
  from space 156160K, 0% used [0x00000000f6780000,0x00000000f6780000,0x0000000100000000)
  to   space 178688K, 0% used [0x00000000ea300000,0x00000000ea300000,0x00000000f5180000)
 ParOldGen       total 303104K, used 171201K [0x0000000080000000, 0x0000000092800000, 0x00000000d5580000)
  object space 303104K, 56% used [0x0000000080000000,0x000000008a7306d8,0x0000000092800000)
 Metaspace       used 66362K, capacity 68414K, committed 68864K, reserved 1110016K
  class space    used 8364K, capacity 8839K, committed 8960K, reserved 1048576K
Event: 68.189 GC heap after
Heap after GC invocations=40 (full 7):
 PSYoungGen      total 491008K, used 149095K [0x00000000d5580000, 0x0000000100000000, 0x0000000100000000)
  eden space 341504K, 0% used [0x00000000d5580000,0x00000000d5580000,0x00000000ea300000)
  from space 149504K, 99% used [0x00000000ea300000,0x00000000f3499f90,0x00000000f3500000)
  to   space 199168K, 0% used [0x00000000f3d80000,0x00000000f3d80000,0x0000000100000000)
 ParOldGen       total 303104K, used 293314K [0x0000000080000000, 0x0000000092800000, 0x00000000d5580000)
  object space 303104K, 96% used [0x0000000080000000,0x0000000091e70998,0x0000000092800000)
 Metaspace       used 66362K, capacity 68414K, committed 68864K, reserved 1110016K
  class space    used 8364K, capacity 8839K, committed 8960K, reserved 1048576K
}
Event: 68.189 GC heap before
{Heap before GC invocations=41 (full 8):
 PSYoungGen      total 491008K, used 149095K [0x00000000d5580000, 0x0000000100000000, 0x0000000100000000)
  eden space 341504K, 0% used [0x00000000d5580000,0x00000000d5580000,0x00000000ea300000)
  from space 149504K, 99% used [0x00000000ea300000,0x00000000f3499f90,0x00000000f3500000)
  to   space 199168K, 0% used [0x00000000f3d80000,0x00000000f3d80000,0x0000000100000000)
 ParOldGen       total 303104K, used 293314K [0x0000000080000000, 0x0000000092800000, 0x00000000d5580000)
  object space 303104K, 96% used [0x0000000080000000,0x0000000091e70998,0x0000000092800000)
 Metaspace       used 66362K, capacity 68414K, committed 68864K, reserved 1110016K
  class space    used 8364K, capacity 8839K, committed 8960K, reserved 1048576K

