# JRE version: OpenJDK Runtime Environment (8.0_121-b13) (build 1.8.0_121-8u121-b13-0ubuntu1.16.10.2-b13)
# Java VM: OpenJDK 64-Bit Server VM (25.121-b13 mixed mode linux-amd64 compressed oops)
Heap:
 PSYoungGen      total 492032K, used 19099K [0x00000000d5580000, 0x0000000100000000, 0x0000000100000000)
  eden space 331264K, 0% used [0x00000000d5580000,0x00000000d5580000,0x00000000e9900000)
  from space 160768K, 11% used [0x00000000f6300000,0x00000000f75a6e28,0x0000000100000000)
  to   space 183808K, 0% used [0x00000000e9900000,0x00000000e9900000,0x00000000f4c80000)
 ParOldGen       total 193024K, used 192718K [0x0000000080000000, 0x000000008bc80000, 0x00000000d5580000)
  object space 193024K, 99% used [0x0000000080000000,0x000000008bc33a38,0x000000008bc80000)
 Metaspace       used 72532K, capacity 75172K, committed 75392K, reserved 1116160K
  class space    used 8973K, capacity 9526K, committed 9600K, reserved 1048576K
GC Heap History (10 events):
Event: 3514.681 GC heap after
Heap after GC invocations=41 (full 9):
 PSYoungGen      total 422912K, used 65505K [0x00000000d5580000, 0x00000000f6300000, 0x0000000100000000)
  eden space 333312K, 0% used [0x00000000d5580000,0x00000000d5580000,0x00000000e9b00000)
  from space 89600K, 73% used [0x00000000ef980000,0x00000000f39786a8,0x00000000f5100000)
  to   space 96768K, 0% used [0x00000000e9b00000,0x00000000e9b00000,0x00000000ef980000)
 ParOldGen       total 193024K, used 102337K [0x0000000080000000, 0x000000008bc80000, 0x00000000d5580000)
  object space 193024K, 53% used [0x0000000080000000,0x00000000863f0410,0x000000008bc80000)
 Metaspace       used 72487K, capacity 75118K, committed 75392K, reserved 1116160K
  class space    used 8972K, capacity 9529K, committed 9600K, reserved 1048576K
}
Event: 3516.416 GC heap before
{Heap before GC invocations=42 (full 9):
 PSYoungGen      total 422912K, used 398817K [0x00000000d5580000, 0x00000000f6300000, 0x0000000100000000)
  eden space 333312K, 100% used [0x00000000d5580000,0x00000000e9b00000,0x00000000e9b00000)
  from space 89600K, 73% used [0x00000000ef980000,0x00000000f39786a8,0x00000000f5100000)
  to   space 96768K, 0% used [0x00000000e9b00000,0x00000000e9b00000,0x00000000ef980000)
 ParOldGen       total 193024K, used 102341K [0x0000000080000000, 0x000000008bc80000, 0x00000000d5580000)
  object space 193024K, 53% used [0x0000000080000000,0x00000000863f14f0,0x000000008bc80000)
 Metaspace       used 72511K, capacity 75182K, committed 75392K, reserved 1116160K
  class space    used 8973K, capacity 9529K, committed 9600K, reserved 1048576K
Event: 3516.587 GC heap after
Heap after GC invocations=42 (full 9):
 PSYoungGen      total 430080K, used 96752K [0x00000000d5580000, 0x00000000fb000000, 0x0000000100000000)
  eden space 333312K, 0% used [0x00000000d5580000,0x00000000d5580000,0x00000000e9b00000)
  from space 96768K, 99% used [0x00000000e9b00000,0x00000000ef97c298,0x00000000ef980000)
  to   space 115712K, 0% used [0x00000000f3f00000,0x00000000f3f00000,0x00000000fb000000)
 ParOldGen       total 193024K, used 107968K [0x0000000080000000, 0x000000008bc80000, 0x00000000d5580000)
  object space 193024K, 55% used [0x0000000080000000,0x0000000086970318,0x000000008bc80000)
 Metaspace       used 72511K, capacity 75182K, committed 75392K, reserved 1116160K
  class space    used 8973K, capacity 9529K, committed 9600K, reserved 1048576K
}
Event: 3518.448 GC heap before
{Heap before GC invocations=43 (full 9):
 PSYoungGen      total 430080K, used 430064K [0x00000000d5580000, 0x00000000fb000000, 0x0000000100000000)
  eden space 333312K, 100% used [0x00000000d5580000,0x00000000e9b00000,0x00000000e9b00000)
  from space 96768K, 99% used [0x00000000e9b00000,0x00000000ef97c298,0x00000000ef980000)
  to   space 115712K, 0% used [0x00000000f3f00000,0x00000000f3f00000,0x00000000fb000000)
 ParOldGen       total 193024K, used 107968K [0x0000000080000000, 0x000000008bc80000, 0x00000000d5580000)
  object space 193024K, 55% used [0x0000000080000000,0x0000000086970318,0x000000008bc80000)
 Metaspace       used 72517K, capacity 75182K, committed 75392K, reserved 1116160K
  class space    used 8974K, capacity 9529K, committed 9600K, reserved 1048576K
Event: 3518.883 GC heap after
Heap after GC invocations=43 (full 9):
 PSYoungGen      total 479744K, used 115697K [0x00000000d5580000, 0x00000000fdf80000, 0x0000000100000000)
  eden space 364032K, 0% used [0x00000000d5580000,0x00000000d5580000,0x00000000eb900000)
  from space 115712K, 99% used [0x00000000f3f00000,0x00000000faffc708,0x00000000fb000000)
  to   space 137216K, 0% used [0x00000000eb900000,0x00000000eb900000,0x00000000f3f00000)
 ParOldGen       total 193024K, used 111302K [0x0000000080000000, 0x000000008bc80000, 0x00000000d5580000)
  object space 193024K, 57% used [0x0000000080000000,0x0000000086cb1908,0x000000008bc80000)
 Metaspace       used 72517K, capacity 75182K, committed 75392K, reserved 1116160K
  class space    used 8974K, capacity 9529K, committed 9600K, reserved 1048576K
}
Event: 3520.369 GC heap before
{Heap before GC invocations=44 (full 9):
 PSYoungGen      total 479744K, used 479729K [0x00000000d5580000, 0x00000000fdf80000, 0x0000000100000000)
  eden space 364032K, 100% used [0x00000000d5580000,0x00000000eb900000,0x00000000eb900000)
  from space 115712K, 99% used [0x00000000f3f00000,0x00000000faffc708,0x00000000fb000000)
  to   space 137216K, 0% used [0x00000000eb900000,0x00000000eb900000,0x00000000f3f00000)
 ParOldGen       total 193024K, used 111302K [0x0000000080000000, 0x000000008bc80000, 0x00000000d5580000)
  object space 193024K, 57% used [0x0000000080000000,0x0000000086cb1908,0x000000008bc80000)
 Metaspace       used 72532K, capacity 75182K, committed 75392K, reserved 1116160K
  class space    used 8974K, capacity 9529K, committed 9600K, reserved 1048576K
Event: 3520.717 GC heap after
Heap after GC invocations=44 (full 9):
 PSYoungGen      total 501248K, used 136299K [0x00000000d5580000, 0x0000000100000000, 0x0000000100000000)
  eden space 364032K, 0% used [0x00000000d5580000,0x00000000d5580000,0x00000000eb900000)
  from space 137216K, 99% used [0x00000000eb900000,0x00000000f3e1aed0,0x00000000f3f00000)
  to   space 160768K, 0% used [0x00000000f6300000,0x00000000f6300000,0x0000000100000000)
 ParOldGen       total 193024K, used 133328K [0x0000000080000000, 0x000000008bc80000, 0x00000000d5580000)
  object space 193024K, 69% used [0x0000000080000000,0x0000000088234078,0x000000008bc80000)
 Metaspace       used 72532K, capacity 75182K, committed 75392K, reserved 1116160K
  class space    used 8974K, capacity 9529K, committed 9600K, reserved 1048576K
}
Event: 3523.054 GC heap before
{Heap before GC invocations=45 (full 9):
 PSYoungGen      total 501248K, used 500331K [0x00000000d5580000, 0x0000000100000000, 0x0000000100000000)
  eden space 364032K, 100% used [0x00000000d5580000,0x00000000eb900000,0x00000000eb900000)
  from space 137216K, 99% used [0x00000000eb900000,0x00000000f3e1aed0,0x00000000f3f00000)
  to   space 160768K, 0% used [0x00000000f6300000,0x00000000f6300000,0x0000000100000000)
 ParOldGen       total 193024K, used 133328K [0x0000000080000000, 0x000000008bc80000, 0x00000000d5580000)
  object space 193024K, 69% used [0x0000000080000000,0x0000000088234078,0x000000008bc80000)
 Metaspace       used 72536K, capacity 75182K, committed 75392K, reserved 1116160K
  class space    used 8974K, capacity 9529K, committed 9600K, reserved 1048576K
Event: 3523.689 GC heap after
Heap after GC invocations=45 (full 9):
 PSYoungGen      total 492032K, used 147176K [0x00000000d5580000, 0x0000000100000000, 0x0000000100000000)
  eden space 331264K, 0% used [0x00000000d5580000,0x00000000d5580000,0x00000000e9900000)
  from space 160768K, 91% used [0x00000000f6300000,0x00000000ff2ba200,0x0000000100000000)
  to   space 183808K, 0% used [0x00000000e9900000,0x00000000e9900000,0x00000000f4c80000)
 ParOldGen       total 193024K, used 163986K [0x0000000080000000, 0x000000008bc80000, 0x00000000d5580000)
  object space 193024K, 84% used [0x0000000080000000,0x000000008a024ad8,0x000000008bc80000)
 Metaspace       used 72536K, capacity 75182K, committed 75392K, reserved 1116160K
  class space    used 8974K, capacity 9529K, committed 9600K, reserved 1048576K
}
Event: 3523.689 GC heap before
{Heap before GC invocations=46 (full 10):
 PSYoungGen      total 492032K, used 147176K [0x00000000d5580000, 0x0000000100000000, 0x0000000100000000)
  eden space 331264K, 0% used [0x00000000d5580000,0x00000000d5580000,0x00000000e9900000)
  from space 160768K, 91% used [0x00000000f6300000,0x00000000ff2ba200,0x0000000100000000)
  to   space 183808K, 0% used [0x00000000e9900000,0x00000000e9900000,0x00000000f4c80000)
 ParOldGen       total 193024K, used 163986K [0x0000000080000000, 0x000000008bc80000, 0x00000000d5580000)
  object space 193024K, 84% used [0x0000000080000000,0x000000008a024ad8,0x000000008bc80000)
 Metaspace       used 72536K, capacity 75182K, committed 75392K, reserved 1116160K
  class space    used 8974K, capacity 9529K, committed 9600K, reserved 1048576K

