# JRE version: OpenJDK Runtime Environment (8.0_121-b13) (build 1.8.0_121-8u121-b13-0ubuntu1.16.10.2-b13)
# Java VM: OpenJDK 64-Bit Server VM (25.121-b13 mixed mode linux-amd64 compressed oops)
Heap:
 PSYoungGen      total 562688K, used 0K [0x00000000d5580000, 0x0000000100000000, 0x0000000100000000)
  eden space 448512K, 0% used [0x00000000d5580000,0x00000000d5580000,0x00000000f0b80000)
  from space 114176K, 0% used [0x00000000f8400000,0x00000000f8400000,0x00000000ff380000)
  to   space 123392K, 0% used [0x00000000f0b80000,0x00000000f0b80000,0x00000000f8400000)
 ParOldGen       total 284160K, used 243107K [0x0000000080000000, 0x0000000091580000, 0x00000000d5580000)
  object space 284160K, 85% used [0x0000000080000000,0x000000008ed68cc0,0x0000000091580000)
 Metaspace       used 73273K, capacity 75978K, committed 76544K, reserved 1116160K
  class space    used 9049K, capacity 9603K, committed 9728K, reserved 1048576K
GC Heap History (10 events):
Event: 1932.963 GC heap after
Heap after GC invocations=36 (full 7):
 PSYoungGen      total 557568K, used 81534K [0x00000000d5580000, 0x0000000100000000, 0x0000000100000000)
  eden space 475648K, 0% used [0x00000000d5580000,0x00000000d5580000,0x00000000f2600000)
  from space 81920K, 99% used [0x00000000f2600000,0x00000000f759fa48,0x00000000f7600000)
  to   space 120832K, 0% used [0x00000000f8a00000,0x00000000f8a00000,0x0000000100000000)
 ParOldGen       total 220160K, used 192049K [0x0000000080000000, 0x000000008d700000, 0x00000000d5580000)
  object space 220160K, 87% used [0x0000000080000000,0x000000008bb8c7f8,0x000000008d700000)
 Metaspace       used 72738K, capacity 75534K, committed 75648K, reserved 1116160K
  class space    used 9010K, capacity 9577K, committed 9600K, reserved 1048576K
}
Event: 1932.963 GC heap before
{Heap before GC invocations=37 (full 8):
 PSYoungGen      total 557568K, used 81534K [0x00000000d5580000, 0x0000000100000000, 0x0000000100000000)
  eden space 475648K, 0% used [0x00000000d5580000,0x00000000d5580000,0x00000000f2600000)
  from space 81920K, 99% used [0x00000000f2600000,0x00000000f759fa48,0x00000000f7600000)
  to   space 120832K, 0% used [0x00000000f8a00000,0x00000000f8a00000,0x0000000100000000)
 ParOldGen       total 220160K, used 192049K [0x0000000080000000, 0x000000008d700000, 0x00000000d5580000)
  object space 220160K, 87% used [0x0000000080000000,0x000000008bb8c7f8,0x000000008d700000)
 Metaspace       used 72738K, capacity 75534K, committed 75648K, reserved 1116160K
  class space    used 9010K, capacity 9577K, committed 9600K, reserved 1048576K
Event: 1933.988 GC heap after
Heap after GC invocations=37 (full 8):
 PSYoungGen      total 557568K, used 0K [0x00000000d5580000, 0x0000000100000000, 0x0000000100000000)
  eden space 475648K, 0% used [0x00000000d5580000,0x00000000d5580000,0x00000000f2600000)
  from space 81920K, 0% used [0x00000000f2600000,0x00000000f2600000,0x00000000f7600000)
  to   space 120832K, 0% used [0x00000000f8a00000,0x00000000f8a00000,0x0000000100000000)
 ParOldGen       total 246272K, used 149758K [0x0000000080000000, 0x000000008f080000, 0x00000000d5580000)
  object space 246272K, 60% used [0x0000000080000000,0x000000008923fb10,0x000000008f080000)
 Metaspace       used 72727K, capacity 75502K, committed 75648K, reserved 1116160K
  class space    used 9007K, capacity 9571K, committed 9600K, reserved 1048576K
}
Event: 1935.793 GC heap before
{Heap before GC invocations=38 (full 8):
 PSYoungGen      total 557568K, used 475648K [0x00000000d5580000, 0x0000000100000000, 0x0000000100000000)
  eden space 475648K, 100% used [0x00000000d5580000,0x00000000f2600000,0x00000000f2600000)
  from space 81920K, 0% used [0x00000000f2600000,0x00000000f2600000,0x00000000f7600000)
  to   space 120832K, 0% used [0x00000000f8a00000,0x00000000f8a00000,0x0000000100000000)
 ParOldGen       total 246272K, used 149758K [0x0000000080000000, 0x000000008f080000, 0x00000000d5580000)
  object space 246272K, 60% used [0x0000000080000000,0x000000008923fb10,0x000000008f080000)
 Metaspace       used 72740K, capacity 75502K, committed 75648K, reserved 1116160K
  class space    used 9007K, capacity 9571K, committed 9600K, reserved 1048576K
Event: 1935.895 GC heap after
Heap after GC invocations=38 (full 8):
 PSYoungGen      total 578560K, used 61102K [0x00000000d5580000, 0x0000000100000000, 0x0000000100000000)
  eden space 457728K, 0% used [0x00000000d5580000,0x00000000d5580000,0x00000000f1480000)
  from space 120832K, 50% used [0x00000000f8a00000,0x00000000fc5aba00,0x0000000100000000)
  to   space 120320K, 0% used [0x00000000f1480000,0x00000000f1480000,0x00000000f8a00000)
 ParOldGen       total 246272K, used 149758K [0x0000000080000000, 0x000000008f080000, 0x00000000d5580000)
  object space 246272K, 60% used [0x0000000080000000,0x000000008923fb10,0x000000008f080000)
 Metaspace       used 72740K, capacity 75502K, committed 75648K, reserved 1116160K
  class space    used 9007K, capacity 9571K, committed 9600K, reserved 1048576K
}
Event: 1945.167 GC heap before
{Heap before GC invocations=39 (full 8):
 PSYoungGen      total 578560K, used 516204K [0x00000000d5580000, 0x0000000100000000, 0x0000000100000000)
  eden space 457728K, 99% used [0x00000000d5580000,0x00000000f11ef8f0,0x00000000f1480000)
  from space 120832K, 50% used [0x00000000f8a00000,0x00000000fc5aba00,0x0000000100000000)
  to   space 120320K, 0% used [0x00000000f1480000,0x00000000f1480000,0x00000000f8a00000)
 ParOldGen       total 246272K, used 149758K [0x0000000080000000, 0x000000008f080000, 0x00000000d5580000)
  object space 246272K, 60% used [0x0000000080000000,0x000000008923fb10,0x000000008f080000)
 Metaspace       used 73397K, capacity 76228K, committed 76544K, reserved 1116160K
  class space    used 9074K, capacity 9650K, committed 9728K, reserved 1048576K
Event: 1945.633 GC heap after
Heap after GC invocations=39 (full 8):
 PSYoungGen      total 506368K, used 48176K [0x00000000d5580000, 0x00000000ff380000, 0x0000000100000000)
  eden space 457728K, 0% used [0x00000000d5580000,0x00000000d5580000,0x00000000f1480000)
  from space 48640K, 99% used [0x00000000f1480000,0x00000000f438c0b8,0x00000000f4400000)
  to   space 114176K, 0% used [0x00000000f8400000,0x00000000f8400000,0x00000000ff380000)
 ParOldGen       total 246272K, used 180131K [0x0000000080000000, 0x000000008f080000, 0x00000000d5580000)
  object space 246272K, 73% used [0x0000000080000000,0x000000008afe8f10,0x000000008f080000)
 Metaspace       used 73397K, capacity 76228K, committed 76544K, reserved 1116160K
  class space    used 9074K, capacity 9650K, committed 9728K, reserved 1048576K
}
Event: 1947.869 GC heap before
{Heap before GC invocations=40 (full 8):
 PSYoungGen      total 506368K, used 490206K [0x00000000d5580000, 0x00000000ff380000, 0x0000000100000000)
  eden space 457728K, 96% used [0x00000000d5580000,0x00000000f052ba38,0x00000000f1480000)
  from space 48640K, 99% used [0x00000000f1480000,0x00000000f438c0b8,0x00000000f4400000)
  to   space 114176K, 0% used [0x00000000f8400000,0x00000000f8400000,0x00000000ff380000)
 ParOldGen       total 246272K, used 180131K [0x0000000080000000, 0x000000008f080000, 0x00000000d5580000)
  object space 246272K, 73% used [0x0000000080000000,0x000000008afe8f10,0x000000008f080000)
 Metaspace       used 73431K, capacity 76232K, committed 76544K, reserved 1116160K
  class space    used 9074K, capacity 9650K, committed 9728K, reserved 1048576K
Event: 1947.998 GC heap after
Heap after GC invocations=40 (full 8):
 PSYoungGen      total 562688K, used 87512K [0x00000000d5580000, 0x0000000100000000, 0x0000000100000000)
  eden space 448512K, 0% used [0x00000000d5580000,0x00000000d5580000,0x00000000f0b80000)
  from space 114176K, 76% used [0x00000000f8400000,0x00000000fd9763b8,0x00000000ff380000)
  to   space 123392K, 0% used [0x00000000f0b80000,0x00000000f0b80000,0x00000000f8400000)
 ParOldGen       total 284160K, used 252990K [0x0000000080000000, 0x0000000091580000, 0x00000000d5580000)
  object space 284160K, 89% used [0x0000000080000000,0x000000008f70fbe8,0x0000000091580000)
 Metaspace       used 73431K, capacity 76232K, committed 76544K, reserved 1116160K
  class space    used 9074K, capacity 9650K, committed 9728K, reserved 1048576K
}
Event: 1947.998 GC heap before
{Heap before GC invocations=41 (full 9):
 PSYoungGen      total 562688K, used 87512K [0x00000000d5580000, 0x0000000100000000, 0x0000000100000000)
  eden space 448512K, 0% used [0x00000000d5580000,0x00000000d5580000,0x00000000f0b80000)
  from space 114176K, 76% used [0x00000000f8400000,0x00000000fd9763b8,0x00000000ff380000)
  to   space 123392K, 0% used [0x00000000f0b80000,0x00000000f0b80000,0x00000000f8400000)
 ParOldGen       total 284160K, used 252990K [0x0000000080000000, 0x0000000091580000, 0x00000000d5580000)
  object space 284160K, 89% used [0x0000000080000000,0x000000008f70fbe8,0x0000000091580000)
 Metaspace       used 73431K, capacity 76232K, committed 76544K, reserved 1116160K
  class space    used 9074K, capacity 9650K, committed 9728K, reserved 1048576K

