# JRE version: OpenJDK Runtime Environment (8.0_121-b13) (build 1.8.0_121-8u121-b13-0ubuntu1.16.10.2-b13)
# Java VM: OpenJDK 64-Bit Server VM (25.121-b13 mixed mode linux-amd64 compressed oops)
Heap:
 PSYoungGen      total 614912K, used 466K [0x00000000d5580000, 0x0000000100000000, 0x0000000100000000)
  eden space 530944K, 0% used [0x00000000d5580000,0x00000000d5580000,0x00000000f5c00000)
  from space 83968K, 0% used [0x00000000f5c00000,0x00000000f5c74aa0,0x00000000fae00000)
  to   space 83968K, 0% used [0x00000000fae00000,0x00000000fae00000,0x0000000100000000)
 ParOldGen       total 274432K, used 274279K [0x0000000080000000, 0x0000000090c00000, 0x00000000d5580000)
  object space 274432K, 99% used [0x0000000080000000,0x0000000090bd9df8,0x0000000090c00000)
 Metaspace       used 83303K, capacity 86622K, committed 87040K, reserved 1124352K
  class space    used 10436K, capacity 11142K, committed 11264K, reserved 1048576K
GC Heap History (10 events):
Event: 1637.721 GC heap after
Heap after GC invocations=33 (full 7):
 PSYoungGen      total 627712K, used 46755K [0x00000000d5580000, 0x0000000100000000, 0x0000000100000000)
  eden space 568832K, 0% used [0x00000000d5580000,0x00000000d5580000,0x00000000f8100000)
  from space 58880K, 79% used [0x00000000fc680000,0x00000000ff428de0,0x0000000100000000)
  to   space 65024K, 0% used [0x00000000f8100000,0x00000000f8100000,0x00000000fc080000)
 ParOldGen       total 242176K, used 120450K [0x0000000080000000, 0x000000008ec80000, 0x00000000d5580000)
  object space 242176K, 49% used [0x0000000080000000,0x00000000875a0a88,0x000000008ec80000)
 Metaspace       used 82579K, capacity 85932K, committed 86144K, reserved 1124352K
  class space    used 10373K, capacity 11071K, committed 11136K, reserved 1048576K
}
Event: 1640.612 GC heap before
{Heap before GC invocations=34 (full 7):
 PSYoungGen      total 627712K, used 615587K [0x00000000d5580000, 0x0000000100000000, 0x0000000100000000)
  eden space 568832K, 100% used [0x00000000d5580000,0x00000000f8100000,0x00000000f8100000)
  from space 58880K, 79% used [0x00000000fc680000,0x00000000ff428de0,0x0000000100000000)
  to   space 65024K, 0% used [0x00000000f8100000,0x00000000f8100000,0x00000000fc080000)
 ParOldGen       total 242176K, used 120452K [0x0000000080000000, 0x000000008ec80000, 0x00000000d5580000)
  object space 242176K, 49% used [0x0000000080000000,0x00000000875a12a0,0x000000008ec80000)
 Metaspace       used 82599K, capacity 85932K, committed 86144K, reserved 1124352K
  class space    used 10373K, capacity 11071K, committed 11136K, reserved 1048576K
Event: 1640.863 GC heap after
Heap after GC invocations=34 (full 7):
 PSYoungGen      total 633856K, used 64758K [0x00000000d5580000, 0x0000000100000000, 0x0000000100000000)
  eden space 568832K, 0% used [0x00000000d5580000,0x00000000d5580000,0x00000000f8100000)
  from space 65024K, 99% used [0x00000000f8100000,0x00000000fc03d9e8,0x00000000fc080000)
  to   space 65024K, 0% used [0x00000000fc080000,0x00000000fc080000,0x0000000100000000)
 ParOldGen       total 242176K, used 167146K [0x0000000080000000, 0x000000008ec80000, 0x00000000d5580000)
  object space 242176K, 69% used [0x0000000080000000,0x000000008a33abb0,0x000000008ec80000)
 Metaspace       used 82599K, capacity 85932K, committed 86144K, reserved 1124352K
  class space    used 10373K, capacity 11071K, committed 11136K, reserved 1048576K
}
Event: 1646.791 GC heap before
{Heap before GC invocations=35 (full 7):
 PSYoungGen      total 633856K, used 633590K [0x00000000d5580000, 0x0000000100000000, 0x0000000100000000)
  eden space 568832K, 100% used [0x00000000d5580000,0x00000000f8100000,0x00000000f8100000)
  from space 65024K, 99% used [0x00000000f8100000,0x00000000fc03d9e8,0x00000000fc080000)
  to   space 65024K, 0% used [0x00000000fc080000,0x00000000fc080000,0x0000000100000000)
 ParOldGen       total 242176K, used 167146K [0x0000000080000000, 0x000000008ec80000, 0x00000000d5580000)
  object space 242176K, 69% used [0x0000000080000000,0x000000008a33abb0,0x000000008ec80000)
 Metaspace       used 83282K, capacity 86626K, committed 87040K, reserved 1124352K
  class space    used 10438K, capacity 11144K, committed 11264K, reserved 1048576K
Event: 1647.078 GC heap after
Heap after GC invocations=35 (full 7):
 PSYoungGen      total 595968K, used 59436K [0x00000000d5580000, 0x0000000100000000, 0x0000000100000000)
  eden space 530944K, 0% used [0x00000000d5580000,0x00000000d5580000,0x00000000f5c00000)
  from space 65024K, 91% used [0x00000000fc080000,0x00000000ffa8b250,0x0000000100000000)
  to   space 83968K, 0% used [0x00000000f5c00000,0x00000000f5c00000,0x00000000fae00000)
 ParOldGen       total 242176K, used 199721K [0x0000000080000000, 0x000000008ec80000, 0x00000000d5580000)
  object space 242176K, 82% used [0x0000000080000000,0x000000008c30a7d8,0x000000008ec80000)
 Metaspace       used 83282K, capacity 86626K, committed 87040K, reserved 1124352K
  class space    used 10438K, capacity 11144K, committed 11264K, reserved 1048576K
}
Event: 1647.079 GC heap before
{Heap before GC invocations=36 (full 8):
 PSYoungGen      total 595968K, used 59436K [0x00000000d5580000, 0x0000000100000000, 0x0000000100000000)
  eden space 530944K, 0% used [0x00000000d5580000,0x00000000d5580000,0x00000000f5c00000)
  from space 65024K, 91% used [0x00000000fc080000,0x00000000ffa8b250,0x0000000100000000)
  to   space 83968K, 0% used [0x00000000f5c00000,0x00000000f5c00000,0x00000000fae00000)
 ParOldGen       total 242176K, used 199721K [0x0000000080000000, 0x000000008ec80000, 0x00000000d5580000)
  object space 242176K, 82% used [0x0000000080000000,0x000000008c30a7d8,0x000000008ec80000)
 Metaspace       used 83282K, capacity 86626K, committed 87040K, reserved 1124352K
  class space    used 10438K, capacity 11144K, committed 11264K, reserved 1048576K
Event: 1648.081 GC heap after
Heap after GC invocations=36 (full 8):
 PSYoungGen      total 595968K, used 0K [0x00000000d5580000, 0x0000000100000000, 0x0000000100000000)
  eden space 530944K, 0% used [0x00000000d5580000,0x00000000d5580000,0x00000000f5c00000)
  from space 65024K, 0% used [0x00000000fc080000,0x00000000fc080000,0x0000000100000000)
  to   space 83968K, 0% used [0x00000000f5c00000,0x00000000f5c00000,0x00000000fae00000)
 ParOldGen       total 236544K, used 143619K [0x0000000080000000, 0x000000008e700000, 0x00000000d5580000)
  object space 236544K, 60% used [0x0000000080000000,0x0000000088c40c08,0x000000008e700000)
 Metaspace       used 83279K, capacity 86618K, committed 87040K, reserved 1124352K
  class space    used 10436K, capacity 11142K, committed 11264K, reserved 1048576K
}
Event: 1650.047 GC heap before
{Heap before GC invocations=37 (full 8):
 PSYoungGen      total 595968K, used 492270K [0x00000000d5580000, 0x0000000100000000, 0x0000000100000000)
  eden space 530944K, 92% used [0x00000000d5580000,0x00000000f363ba28,0x00000000f5c00000)
  from space 65024K, 0% used [0x00000000fc080000,0x00000000fc080000,0x0000000100000000)
  to   space 83968K, 0% used [0x00000000f5c00000,0x00000000f5c00000,0x00000000fae00000)
 ParOldGen       total 236544K, used 143619K [0x0000000080000000, 0x000000008e700000, 0x00000000d5580000)
  object space 236544K, 60% used [0x0000000080000000,0x0000000088c40c08,0x000000008e700000)
 Metaspace       used 83303K, capacity 86622K, committed 87040K, reserved 1124352K
  class space    used 10436K, capacity 11142K, committed 11264K, reserved 1048576K
Event: 1650.147 GC heap after
Heap after GC invocations=37 (full 8):
 PSYoungGen      total 614912K, used 83958K [0x00000000d5580000, 0x0000000100000000, 0x0000000100000000)
  eden space 530944K, 0% used [0x00000000d5580000,0x00000000d5580000,0x00000000f5c00000)
  from space 83968K, 99% used [0x00000000f5c00000,0x00000000fadfdbe8,0x00000000fae00000)
  to   space 83968K, 0% used [0x00000000fae00000,0x00000000fae00000,0x0000000100000000)
 ParOldGen       total 274432K, used 244048K [0x0000000080000000, 0x0000000090c00000, 0x00000000d5580000)
  object space 274432K, 88% used [0x0000000080000000,0x000000008ee54088,0x0000000090c00000)
 Metaspace       used 83303K, capacity 86622K, committed 87040K, reserved 1124352K
  class space    used 10436K, capacity 11142K, committed 11264K, reserved 1048576K
}
Event: 1650.147 GC heap before
{Heap before GC invocations=38 (full 9):
 PSYoungGen      total 614912K, used 83958K [0x00000000d5580000, 0x0000000100000000, 0x0000000100000000)
  eden space 530944K, 0% used [0x00000000d5580000,0x00000000d5580000,0x00000000f5c00000)
  from space 83968K, 99% used [0x00000000f5c00000,0x00000000fadfdbe8,0x00000000fae00000)
  to   space 83968K, 0% used [0x00000000fae00000,0x00000000fae00000,0x0000000100000000)
 ParOldGen       total 274432K, used 244048K [0x0000000080000000, 0x0000000090c00000, 0x00000000d5580000)
  object space 274432K, 88% used [0x0000000080000000,0x000000008ee54088,0x0000000090c00000)
 Metaspace       used 83303K, capacity 86622K, committed 87040K, reserved 1124352K
  class space    used 10436K, capacity 11142K, committed 11264K, reserved 1048576K

