# JRE version: OpenJDK Runtime Environment (8.0_121-b13) (build 1.8.0_121-8u121-b13-0ubuntu1.16.10.2-b13)
# Java VM: OpenJDK 64-Bit Server VM (25.121-b13 mixed mode linux-amd64 compressed oops)
Heap:
 PSYoungGen      total 636928K, used 19856K [0x00000000d5580000, 0x0000000100000000, 0x0000000100000000)
  eden space 574976K, 0% used [0x00000000d5580000,0x00000000d5580000,0x00000000f8700000)
  from space 61952K, 32% used [0x00000000f8700000,0x00000000f9a642d8,0x00000000fc380000)
  to   space 61952K, 0% used [0x00000000fc380000,0x00000000fc380000,0x0000000100000000)
 ParOldGen       total 164352K, used 164209K [0x0000000080000000, 0x000000008a080000, 0x00000000d5580000)
  object space 164352K, 99% used [0x0000000080000000,0x000000008a05c440,0x000000008a080000)
 Metaspace       used 68813K, capacity 71150K, committed 71296K, reserved 1112064K
  class space    used 8551K, capacity 9049K, committed 9088K, reserved 1048576K
GC Heap History (10 events):
Event: 1027.116 GC heap after
Heap after GC invocations=30 (full 6):
 PSYoungGen      total 552448K, used 576K [0x00000000d5580000, 0x00000000fe280000, 0x0000000100000000)
  eden space 495616K, 0% used [0x00000000d5580000,0x00000000d5580000,0x00000000f3980000)
  from space 56832K, 1% used [0x00000000f7080000,0x00000000f7110000,0x00000000fa800000)
  to   space 56320K, 0% used [0x00000000f3980000,0x00000000f3980000,0x00000000f7080000)
 ParOldGen       total 166400K, used 133137K [0x0000000080000000, 0x000000008a280000, 0x00000000d5580000)
  object space 166400K, 80% used [0x0000000080000000,0x0000000088204430,0x000000008a280000)
 Metaspace       used 68714K, capacity 71022K, committed 71296K, reserved 1112064K
  class space    used 8549K, capacity 9049K, committed 9088K, reserved 1048576K
}
Event: 1027.116 GC heap before
{Heap before GC invocations=31 (full 7):
 PSYoungGen      total 552448K, used 576K [0x00000000d5580000, 0x00000000fe280000, 0x0000000100000000)
  eden space 495616K, 0% used [0x00000000d5580000,0x00000000d5580000,0x00000000f3980000)
  from space 56832K, 1% used [0x00000000f7080000,0x00000000f7110000,0x00000000fa800000)
  to   space 56320K, 0% used [0x00000000f3980000,0x00000000f3980000,0x00000000f7080000)
 ParOldGen       total 166400K, used 133137K [0x0000000080000000, 0x000000008a280000, 0x00000000d5580000)
  object space 166400K, 80% used [0x0000000080000000,0x0000000088204430,0x000000008a280000)
 Metaspace       used 68714K, capacity 71022K, committed 71296K, reserved 1112064K
  class space    used 8549K, capacity 9049K, committed 9088K, reserved 1048576K
Event: 1027.772 GC heap after
Heap after GC invocations=31 (full 7):
 PSYoungGen      total 552448K, used 0K [0x00000000d5580000, 0x00000000fe280000, 0x0000000100000000)
  eden space 495616K, 0% used [0x00000000d5580000,0x00000000d5580000,0x00000000f3980000)
  from space 56832K, 0% used [0x00000000f7080000,0x00000000f7080000,0x00000000fa800000)
  to   space 56320K, 0% used [0x00000000f3980000,0x00000000f3980000,0x00000000f7080000)
 ParOldGen       total 164352K, used 93740K [0x0000000080000000, 0x000000008a080000, 0x00000000d5580000)
  object space 164352K, 57% used [0x0000000080000000,0x0000000085b8b128,0x000000008a080000)
 Metaspace       used 68714K, capacity 71022K, committed 71296K, reserved 1112064K
  class space    used 8549K, capacity 9049K, committed 9088K, reserved 1048576K
}
Event: 1030.629 GC heap before
{Heap before GC invocations=32 (full 7):
 PSYoungGen      total 552448K, used 495616K [0x00000000d5580000, 0x00000000fe280000, 0x0000000100000000)
  eden space 495616K, 100% used [0x00000000d5580000,0x00000000f3980000,0x00000000f3980000)
  from space 56832K, 0% used [0x00000000f7080000,0x00000000f7080000,0x00000000fa800000)
  to   space 56320K, 0% used [0x00000000f3980000,0x00000000f3980000,0x00000000f7080000)
 ParOldGen       total 164352K, used 93740K [0x0000000080000000, 0x000000008a080000, 0x00000000d5580000)
  object space 164352K, 57% used [0x0000000080000000,0x0000000085b8b128,0x000000008a080000)
 Metaspace       used 68772K, capacity 71086K, committed 71296K, reserved 1112064K
  class space    used 8550K, capacity 9049K, committed 9088K, reserved 1048576K
Event: 1030.713 GC heap after
Heap after GC invocations=32 (full 7):
 PSYoungGen      total 551936K, used 25652K [0x00000000d5580000, 0x00000000ffd80000, 0x0000000100000000)
  eden space 495616K, 0% used [0x00000000d5580000,0x00000000d5580000,0x00000000f3980000)
  from space 56320K, 45% used [0x00000000f3980000,0x00000000f528d150,0x00000000f7080000)
  to   space 55296K, 0% used [0x00000000fc780000,0x00000000fc780000,0x00000000ffd80000)
 ParOldGen       total 164352K, used 93748K [0x0000000080000000, 0x000000008a080000, 0x00000000d5580000)
  object space 164352K, 57% used [0x0000000080000000,0x0000000085b8d128,0x000000008a080000)
 Metaspace       used 68772K, capacity 71086K, committed 71296K, reserved 1112064K
  class space    used 8550K, capacity 9049K, committed 9088K, reserved 1048576K
}
Event: 1033.124 GC heap before
{Heap before GC invocations=33 (full 7):
 PSYoungGen      total 551936K, used 521268K [0x00000000d5580000, 0x00000000ffd80000, 0x0000000100000000)
  eden space 495616K, 100% used [0x00000000d5580000,0x00000000f3980000,0x00000000f3980000)
  from space 56320K, 45% used [0x00000000f3980000,0x00000000f528d150,0x00000000f7080000)
  to   space 55296K, 0% used [0x00000000fc780000,0x00000000fc780000,0x00000000ffd80000)
 ParOldGen       total 164352K, used 93748K [0x0000000080000000, 0x000000008a080000, 0x00000000d5580000)
  object space 164352K, 57% used [0x0000000080000000,0x0000000085b8d128,0x000000008a080000)
 Metaspace       used 68792K, capacity 71086K, committed 71296K, reserved 1112064K
  class space    used 8551K, capacity 9049K, committed 9088K, reserved 1048576K
Event: 1033.418 GC heap after
Heap after GC invocations=33 (full 7):
 PSYoungGen      total 630272K, used 46894K [0x00000000d5580000, 0x0000000100000000, 0x0000000100000000)
  eden space 574976K, 0% used [0x00000000d5580000,0x00000000d5580000,0x00000000f8700000)
  from space 55296K, 84% used [0x00000000fc780000,0x00000000ff54ba40,0x00000000ffd80000)
  to   space 61952K, 0% used [0x00000000f8700000,0x00000000f8700000,0x00000000fc380000)
 ParOldGen       total 164352K, used 109998K [0x0000000080000000, 0x000000008a080000, 0x00000000d5580000)
  object space 164352K, 66% used [0x0000000080000000,0x0000000086b6b8a8,0x000000008a080000)
 Metaspace       used 68792K, capacity 71086K, committed 71296K, reserved 1112064K
  class space    used 8551K, capacity 9049K, committed 9088K, reserved 1048576K
}
Event: 1035.578 GC heap before
{Heap before GC invocations=34 (full 7):
 PSYoungGen      total 630272K, used 621870K [0x00000000d5580000, 0x0000000100000000, 0x0000000100000000)
  eden space 574976K, 100% used [0x00000000d5580000,0x00000000f8700000,0x00000000f8700000)
  from space 55296K, 84% used [0x00000000fc780000,0x00000000ff54ba40,0x00000000ffd80000)
  to   space 61952K, 0% used [0x00000000f8700000,0x00000000f8700000,0x00000000fc380000)
 ParOldGen       total 164352K, used 109998K [0x0000000080000000, 0x000000008a080000, 0x00000000d5580000)
  object space 164352K, 66% used [0x0000000080000000,0x0000000086b6b8a8,0x000000008a080000)
 Metaspace       used 68813K, capacity 71150K, committed 71296K, reserved 1112064K
  class space    used 8551K, capacity 9049K, committed 9088K, reserved 1048576K
Event: 1035.914 GC heap after
Heap after GC invocations=34 (full 7):
 PSYoungGen      total 636928K, used 61932K [0x00000000d5580000, 0x0000000100000000, 0x0000000100000000)
  eden space 574976K, 0% used [0x00000000d5580000,0x00000000d5580000,0x00000000f8700000)
  from space 61952K, 99% used [0x00000000f8700000,0x00000000fc37b130,0x00000000fc380000)
  to   space 61952K, 0% used [0x00000000fc380000,0x00000000fc380000,0x0000000100000000)
 ParOldGen       total 164352K, used 159381K [0x0000000080000000, 0x000000008a080000, 0x00000000d5580000)
  object space 164352K, 96% used [0x0000000080000000,0x0000000089ba5560,0x000000008a080000)
 Metaspace       used 68813K, capacity 71150K, committed 71296K, reserved 1112064K
  class space    used 8551K, capacity 9049K, committed 9088K, reserved 1048576K
}
Event: 1035.914 GC heap before
{Heap before GC invocations=35 (full 8):
 PSYoungGen      total 636928K, used 61932K [0x00000000d5580000, 0x0000000100000000, 0x0000000100000000)
  eden space 574976K, 0% used [0x00000000d5580000,0x00000000d5580000,0x00000000f8700000)
  from space 61952K, 99% used [0x00000000f8700000,0x00000000fc37b130,0x00000000fc380000)
  to   space 61952K, 0% used [0x00000000fc380000,0x00000000fc380000,0x0000000100000000)
 ParOldGen       total 164352K, used 159381K [0x0000000080000000, 0x000000008a080000, 0x00000000d5580000)
  object space 164352K, 96% used [0x0000000080000000,0x0000000089ba5560,0x000000008a080000)
 Metaspace       used 68813K, capacity 71150K, committed 71296K, reserved 1112064K
  class space    used 8551K, capacity 9049K, committed 9088K, reserved 1048576K

