# JRE version: OpenJDK Runtime Environment (8.0_121-b13) (build 1.8.0_121-8u121-b13-0ubuntu1.16.10.2-b13)
# Java VM: OpenJDK 64-Bit Server VM (25.121-b13 mixed mode linux-amd64 compressed oops)
Heap:
 PSYoungGen      total 565760K, used 0K [0x00000000d5580000, 0x0000000100000000, 0x0000000100000000)
  eden space 436736K, 0% used [0x00000000d5580000,0x00000000d5580000,0x00000000f0000000)
  from space 129024K, 0% used [0x00000000f0000000,0x00000000f0000000,0x00000000f7e00000)
  to   space 133120K, 0% used [0x00000000f7e00000,0x00000000f7e00000,0x0000000100000000)
 ParOldGen       total 414720K, used 332568K [0x0000000080000000, 0x0000000099500000, 0x00000000d5580000)
  object space 414720K, 80% used [0x0000000080000000,0x00000000944c6060,0x0000000099500000)
 Metaspace       used 68502K, capacity 70798K, committed 71040K, reserved 1112064K
  class space    used 8553K, capacity 9069K, committed 9088K, reserved 1048576K
GC Heap History (10 events):
Event: 163.269 GC heap after
Heap after GC invocations=44 (full 9):
 PSYoungGen      total 451584K, used 11304K [0x00000000d5580000, 0x00000000ffd80000, 0x0000000100000000)
  eden space 439808K, 0% used [0x00000000d5580000,0x00000000d5580000,0x00000000f0300000)
  from space 11776K, 95% used [0x00000000f0300000,0x00000000f0e0a128,0x00000000f0e80000)
  to   space 127488K, 0% used [0x00000000f8100000,0x00000000f8100000,0x00000000ffd80000)
 ParOldGen       total 357888K, used 207241K [0x0000000080000000, 0x0000000095d80000, 0x00000000d5580000)
  object space 357888K, 57% used [0x0000000080000000,0x000000008ca626c0,0x0000000095d80000)
 Metaspace       used 61334K, capacity 63506K, committed 63616K, reserved 1103872K
  class space    used 7785K, capacity 8251K, committed 8320K, reserved 1048576K
}
Event: 170.998 GC heap before
{Heap before GC invocations=45 (full 9):
 PSYoungGen      total 451584K, used 451112K [0x00000000d5580000, 0x00000000ffd80000, 0x0000000100000000)
  eden space 439808K, 100% used [0x00000000d5580000,0x00000000f0300000,0x00000000f0300000)
  from space 11776K, 95% used [0x00000000f0300000,0x00000000f0e0a128,0x00000000f0e80000)
  to   space 127488K, 0% used [0x00000000f8100000,0x00000000f8100000,0x00000000ffd80000)
 ParOldGen       total 357888K, used 207241K [0x0000000080000000, 0x0000000095d80000, 0x00000000d5580000)
  object space 357888K, 57% used [0x0000000080000000,0x000000008ca626c0,0x0000000095d80000)
 Metaspace       used 66757K, capacity 69008K, committed 69120K, reserved 1110016K
  class space    used 8444K, capacity 8906K, committed 8960K, reserved 1048576K
Event: 171.042 GC heap after
Heap after GC invocations=45 (full 9):
 PSYoungGen      total 571904K, used 13607K [0x00000000d5580000, 0x0000000100000000, 0x0000000100000000)
  eden space 444416K, 0% used [0x00000000d5580000,0x00000000d5580000,0x00000000f0780000)
  from space 127488K, 10% used [0x00000000f8100000,0x00000000f8e49e00,0x00000000ffd80000)
  to   space 124416K, 0% used [0x00000000f0780000,0x00000000f0780000,0x00000000f8100000)
 ParOldGen       total 357888K, used 207249K [0x0000000080000000, 0x0000000095d80000, 0x00000000d5580000)
  object space 357888K, 57% used [0x0000000080000000,0x000000008ca646c0,0x0000000095d80000)
 Metaspace       used 66757K, capacity 69008K, committed 69120K, reserved 1110016K
  class space    used 8444K, capacity 8906K, committed 8960K, reserved 1048576K
}
Event: 175.980 GC heap before
{Heap before GC invocations=46 (full 9):
 PSYoungGen      total 571904K, used 458023K [0x00000000d5580000, 0x0000000100000000, 0x0000000100000000)
  eden space 444416K, 100% used [0x00000000d5580000,0x00000000f0780000,0x00000000f0780000)
  from space 127488K, 10% used [0x00000000f8100000,0x00000000f8e49e00,0x00000000ffd80000)
  to   space 124416K, 0% used [0x00000000f0780000,0x00000000f0780000,0x00000000f8100000)
 ParOldGen       total 357888K, used 207249K [0x0000000080000000, 0x0000000095d80000, 0x00000000d5580000)
  object space 357888K, 57% used [0x0000000080000000,0x000000008ca646c0,0x0000000095d80000)
 Metaspace       used 68448K, capacity 70712K, committed 70784K, reserved 1112064K
  class space    used 8551K, capacity 9066K, committed 9088K, reserved 1048576K
Event: 176.032 GC heap after
Heap after GC invocations=46 (full 9):
 PSYoungGen      total 470016K, used 25510K [0x00000000d5580000, 0x00000000ff200000, 0x0000000100000000)
  eden space 444416K, 0% used [0x00000000d5580000,0x00000000d5580000,0x00000000f0780000)
  from space 25600K, 99% used [0x00000000f0780000,0x00000000f2069800,0x00000000f2080000)
  to   space 118784K, 0% used [0x00000000f7e00000,0x00000000f7e00000,0x00000000ff200000)
 ParOldGen       total 357888K, used 207257K [0x0000000080000000, 0x0000000095d80000, 0x00000000d5580000)
  object space 357888K, 57% used [0x0000000080000000,0x000000008ca666c0,0x0000000095d80000)
 Metaspace       used 68448K, capacity 70712K, committed 70784K, reserved 1112064K
  class space    used 8551K, capacity 9066K, committed 9088K, reserved 1048576K
}
Event: 179.321 GC heap before
{Heap before GC invocations=47 (full 9):
 PSYoungGen      total 470016K, used 405061K [0x00000000d5580000, 0x00000000ff200000, 0x0000000100000000)
  eden space 444416K, 85% used [0x00000000d5580000,0x00000000ec827d98,0x00000000f0780000)
  from space 25600K, 99% used [0x00000000f0780000,0x00000000f2069800,0x00000000f2080000)
  to   space 118784K, 0% used [0x00000000f7e00000,0x00000000f7e00000,0x00000000ff200000)
 ParOldGen       total 357888K, used 207257K [0x0000000080000000, 0x0000000095d80000, 0x00000000d5580000)
  object space 357888K, 57% used [0x0000000080000000,0x000000008ca666c0,0x0000000095d80000)
 Metaspace       used 68503K, capacity 70800K, committed 71040K, reserved 1112064K
  class space    used 8553K, capacity 9070K, committed 9088K, reserved 1048576K
Event: 179.387 GC heap after
Heap after GC invocations=47 (full 9):
 PSYoungGen      total 555520K, used 87793K [0x00000000d5580000, 0x0000000100000000, 0x0000000100000000)
  eden space 436736K, 0% used [0x00000000d5580000,0x00000000d5580000,0x00000000f0000000)
  from space 118784K, 73% used [0x00000000f7e00000,0x00000000fd3bc490,0x00000000ff200000)
  to   space 129024K, 0% used [0x00000000f0000000,0x00000000f0000000,0x00000000f7e00000)
 ParOldGen       total 357888K, used 207265K [0x0000000080000000, 0x0000000095d80000, 0x00000000d5580000)
  object space 357888K, 57% used [0x0000000080000000,0x000000008ca686c0,0x0000000095d80000)
 Metaspace       used 68503K, capacity 70800K, committed 71040K, reserved 1112064K
  class space    used 8553K, capacity 9070K, committed 9088K, reserved 1048576K
}
Event: 181.034 GC heap before
{Heap before GC invocations=48 (full 9):
 PSYoungGen      total 555520K, used 490706K [0x00000000d5580000, 0x0000000100000000, 0x0000000100000000)
  eden space 436736K, 92% used [0x00000000d5580000,0x00000000edef86c0,0x00000000f0000000)
  from space 118784K, 73% used [0x00000000f7e00000,0x00000000fd3bc490,0x00000000ff200000)
  to   space 129024K, 0% used [0x00000000f0000000,0x00000000f0000000,0x00000000f7e00000)
 ParOldGen       total 357888K, used 207265K [0x0000000080000000, 0x0000000095d80000, 0x00000000d5580000)
  object space 357888K, 57% used [0x0000000080000000,0x000000008ca686c0,0x0000000095d80000)
 Metaspace       used 68503K, capacity 70800K, committed 71040K, reserved 1112064K
  class space    used 8553K, capacity 9070K, committed 9088K, reserved 1048576K
Event: 181.261 GC heap after
Heap after GC invocations=48 (full 9):
 PSYoungGen      total 565760K, used 128771K [0x00000000d5580000, 0x0000000100000000, 0x0000000100000000)
  eden space 436736K, 0% used [0x00000000d5580000,0x00000000d5580000,0x00000000f0000000)
  from space 129024K, 99% used [0x00000000f0000000,0x00000000f7dc0c38,0x00000000f7e00000)
  to   space 133120K, 0% used [0x00000000f7e00000,0x00000000f7e00000,0x0000000100000000)
 ParOldGen       total 414720K, used 376995K [0x0000000080000000, 0x0000000099500000, 0x00000000d5580000)
  object space 414720K, 90% used [0x0000000080000000,0x0000000097028ed0,0x0000000099500000)
 Metaspace       used 68503K, capacity 70800K, committed 71040K, reserved 1112064K
  class space    used 8553K, capacity 9070K, committed 9088K, reserved 1048576K
}
Event: 181.261 GC heap before
{Heap before GC invocations=49 (full 10):
 PSYoungGen      total 565760K, used 128771K [0x00000000d5580000, 0x0000000100000000, 0x0000000100000000)
  eden space 436736K, 0% used [0x00000000d5580000,0x00000000d5580000,0x00000000f0000000)
  from space 129024K, 99% used [0x00000000f0000000,0x00000000f7dc0c38,0x00000000f7e00000)
  to   space 133120K, 0% used [0x00000000f7e00000,0x00000000f7e00000,0x0000000100000000)
 ParOldGen       total 414720K, used 376995K [0x0000000080000000, 0x0000000099500000, 0x00000000d5580000)
  object space 414720K, 90% used [0x0000000080000000,0x0000000097028ed0,0x0000000099500000)
 Metaspace       used 68503K, capacity 70800K, committed 71040K, reserved 1112064K
  class space    used 8553K, capacity 9070K, committed 9088K, reserved 1048576K

