# JRE version: OpenJDK Runtime Environment (8.0_121-b13) (build 1.8.0_121-8u121-b13-0ubuntu1.16.10.2-b13)
# Java VM: OpenJDK 64-Bit Server VM (25.121-b13 mixed mode linux-amd64 compressed oops)
Heap:
 PSYoungGen      total 622080K, used 39803K [0x00000000d5580000, 0x00000000feb00000, 0x0000000100000000)
  eden space 573952K, 0% used [0x00000000d5580000,0x00000000d5580000,0x00000000f8600000)
  from space 48128K, 82% used [0x00000000fbc00000,0x00000000fe2decf0,0x00000000feb00000)
  to   space 49664K, 0% used [0x00000000f8600000,0x00000000f8600000,0x00000000fb680000)
 ParOldGen       total 120320K, used 33422K [0x0000000080000000, 0x0000000087580000, 0x00000000d5580000)
  object space 120320K, 27% used [0x0000000080000000,0x00000000820a3958,0x0000000087580000)
 Metaspace       used 66909K, capacity 69172K, committed 69656K, reserved 1110016K
  class space    used 8386K, capacity 8863K, committed 9000K, reserved 1048576K
GC Heap History (10 events):
Event: 1033.006 GC heap after
Heap after GC invocations=31 (full 7):
 PSYoungGen      total 505856K, used 0K [0x00000000d5580000, 0x00000000f6e00000, 0x0000000100000000)
  eden space 465408K, 0% used [0x00000000d5580000,0x00000000d5580000,0x00000000f1c00000)
  from space 40448K, 0% used [0x00000000f4680000,0x00000000f4680000,0x00000000f6e00000)
  to   space 41984K, 0% used [0x00000000f1c00000,0x00000000f1c00000,0x00000000f4500000)
 ParOldGen       total 120320K, used 37310K [0x0000000080000000, 0x0000000087580000, 0x00000000d5580000)
  object space 120320K, 31% used [0x0000000080000000,0x000000008246f8b0,0x0000000087580000)
 Metaspace       used 66216K, capacity 68264K, committed 68504K, reserved 1110016K
  class space    used 8358K, capacity 8815K, committed 8872K, reserved 1048576K
}
Event: 2534.261 GC heap before
{Heap before GC invocations=32 (full 7):
 PSYoungGen      total 505856K, used 465105K [0x00000000d5580000, 0x00000000f6e00000, 0x0000000100000000)
  eden space 465408K, 99% used [0x00000000d5580000,0x00000000f1bb4630,0x00000000f1c00000)
  from space 40448K, 0% used [0x00000000f4680000,0x00000000f4680000,0x00000000f6e00000)
  to   space 41984K, 0% used [0x00000000f1c00000,0x00000000f1c00000,0x00000000f4500000)
 ParOldGen       total 120320K, used 37310K [0x0000000080000000, 0x0000000087580000, 0x00000000d5580000)
  object space 120320K, 31% used [0x0000000080000000,0x000000008246f8b0,0x0000000087580000)
 Metaspace       used 66823K, capacity 69246K, committed 69400K, reserved 1110016K
  class space    used 8412K, capacity 8914K, committed 9000K, reserved 1048576K
Event: 2534.576 GC heap after
Heap after GC invocations=32 (full 7):
 PSYoungGen      total 507392K, used 41968K [0x00000000d5580000, 0x00000000fe880000, 0x0000000100000000)
  eden space 465408K, 0% used [0x00000000d5580000,0x00000000d5580000,0x00000000f1c00000)
  from space 41984K, 99% used [0x00000000f1c00000,0x00000000f44fc168,0x00000000f4500000)
  to   space 51200K, 0% used [0x00000000fb680000,0x00000000fb680000,0x00000000fe880000)
 ParOldGen       total 120320K, used 38747K [0x0000000080000000, 0x0000000087580000, 0x00000000d5580000)
  object space 120320K, 32% used [0x0000000080000000,0x00000000825d6f50,0x0000000087580000)
 Metaspace       used 66823K, capacity 69246K, committed 69400K, reserved 1110016K
  class space    used 8412K, capacity 8914K, committed 9000K, reserved 1048576K
}
Event: 2535.050 GC heap before
{Heap before GC invocations=33 (full 7):
 PSYoungGen      total 507392K, used 506612K [0x00000000d5580000, 0x00000000fe880000, 0x0000000100000000)
  eden space 465408K, 99% used [0x00000000d5580000,0x00000000f1b410c0,0x00000000f1c00000)
  from space 41984K, 99% used [0x00000000f1c00000,0x00000000f44fc168,0x00000000f4500000)
  to   space 51200K, 0% used [0x00000000fb680000,0x00000000fb680000,0x00000000fe880000)
 ParOldGen       total 120320K, used 38747K [0x0000000080000000, 0x0000000087580000, 0x00000000d5580000)
  object space 120320K, 32% used [0x0000000080000000,0x00000000825d6f50,0x0000000087580000)
 Metaspace       used 66823K, capacity 69246K, committed 69400K, reserved 1110016K
  class space    used 8412K, capacity 8914K, committed 9000K, reserved 1048576K
Event: 2535.097 GC heap after
Heap after GC invocations=33 (full 7):
 PSYoungGen      total 625152K, used 64K [0x00000000d5580000, 0x00000000fee00000, 0x0000000100000000)
  eden space 573952K, 0% used [0x00000000d5580000,0x00000000d5580000,0x00000000f8600000)
  from space 51200K, 0% used [0x00000000fb680000,0x00000000fb690000,0x00000000fe880000)
  to   space 49664K, 0% used [0x00000000f8600000,0x00000000f8600000,0x00000000fb680000)
 ParOldGen       total 120320K, used 49205K [0x0000000080000000, 0x0000000087580000, 0x00000000d5580000)
  object space 120320K, 40% used [0x0000000080000000,0x000000008300d538,0x0000000087580000)
 Metaspace       used 66823K, capacity 69246K, committed 69400K, reserved 1110016K
  class space    used 8412K, capacity 8914K, committed 9000K, reserved 1048576K
}
Event: 2535.622 GC heap before
{Heap before GC invocations=34 (full 7):
 PSYoungGen      total 625152K, used 177484K [0x00000000d5580000, 0x00000000fee00000, 0x0000000100000000)
  eden space 573952K, 30% used [0x00000000d5580000,0x00000000e02c30e0,0x00000000f8600000)
  from space 51200K, 0% used [0x00000000fb680000,0x00000000fb690000,0x00000000fe880000)
  to   space 49664K, 0% used [0x00000000f8600000,0x00000000f8600000,0x00000000fb680000)
 ParOldGen       total 120320K, used 49205K [0x0000000080000000, 0x0000000087580000, 0x00000000d5580000)
  object space 120320K, 40% used [0x0000000080000000,0x000000008300d538,0x0000000087580000)
 Metaspace       used 66837K, capacity 69246K, committed 69400K, reserved 1110016K
  class space    used 8412K, capacity 8914K, committed 9000K, reserved 1048576K
Event: 2535.630 GC heap after
Heap after GC invocations=34 (full 7):
 PSYoungGen      total 623616K, used 238K [0x00000000d5580000, 0x00000000feb00000, 0x0000000100000000)
  eden space 573952K, 0% used [0x00000000d5580000,0x00000000d5580000,0x00000000f8600000)
  from space 49664K, 0% used [0x00000000f8600000,0x00000000f863b920,0x00000000fb680000)
  to   space 48128K, 0% used [0x00000000fbc00000,0x00000000fbc00000,0x00000000feb00000)
 ParOldGen       total 120320K, used 49245K [0x0000000080000000, 0x0000000087580000, 0x00000000d5580000)
  object space 120320K, 40% used [0x0000000080000000,0x0000000083017538,0x0000000087580000)
 Metaspace       used 66837K, capacity 69246K, committed 69400K, reserved 1110016K
  class space    used 8412K, capacity 8914K, committed 9000K, reserved 1048576K
}
Event: 2535.630 GC heap before
{Heap before GC invocations=35 (full 8):
 PSYoungGen      total 623616K, used 238K [0x00000000d5580000, 0x00000000feb00000, 0x0000000100000000)
  eden space 573952K, 0% used [0x00000000d5580000,0x00000000d5580000,0x00000000f8600000)
  from space 49664K, 0% used [0x00000000f8600000,0x00000000f863b920,0x00000000fb680000)
  to   space 48128K, 0% used [0x00000000fbc00000,0x00000000fbc00000,0x00000000feb00000)
 ParOldGen       total 120320K, used 49245K [0x0000000080000000, 0x0000000087580000, 0x00000000d5580000)
  object space 120320K, 40% used [0x0000000080000000,0x0000000083017538,0x0000000087580000)
 Metaspace       used 66837K, capacity 69246K, committed 69400K, reserved 1110016K
  class space    used 8412K, capacity 8914K, committed 9000K, reserved 1048576K
Event: 2536.238 GC heap after
Heap after GC invocations=35 (full 8):
 PSYoungGen      total 623616K, used 0K [0x00000000d5580000, 0x00000000feb00000, 0x0000000100000000)
  eden space 573952K, 0% used [0x00000000d5580000,0x00000000d5580000,0x00000000f8600000)
  from space 49664K, 0% used [0x00000000f8600000,0x00000000f8600000,0x00000000fb680000)
  to   space 48128K, 0% used [0x00000000fbc00000,0x00000000fbc00000,0x00000000feb00000)
 ParOldGen       total 120320K, used 33414K [0x0000000080000000, 0x0000000087580000, 0x00000000d5580000)
  object space 120320K, 27% used [0x0000000080000000,0x00000000820a1958,0x0000000087580000)
 Metaspace       used 66664K, capacity 68968K, committed 69400K, reserved 1110016K
  class space    used 8385K, capacity 8863K, committed 9000K, reserved 1048576K
}
Event: 3471.060 GC heap before
{Heap before GC invocations=36 (full 8):
 PSYoungGen      total 623616K, used 573220K [0x00000000d5580000, 0x00000000feb00000, 0x0000000100000000)
  eden space 573952K, 99% used [0x00000000d5580000,0x00000000f85493a8,0x00000000f8600000)
  from space 49664K, 0% used [0x00000000f8600000,0x00000000f8600000,0x00000000fb680000)
  to   space 48128K, 0% used [0x00000000fbc00000,0x00000000fbc00000,0x00000000feb00000)
 ParOldGen       total 120320K, used 33414K [0x0000000080000000, 0x0000000087580000, 0x00000000d5580000)
  object space 120320K, 27% used [0x0000000080000000,0x00000000820a1958,0x0000000087580000)
 Metaspace       used 66909K, capacity 69172K, committed 69656K, reserved 1110016K
  class space    used 8386K, capacity 8863K, committed 9000K, reserved 1048576K

