# JRE version: OpenJDK Runtime Environment (8.0_121-b13) (build 1.8.0_121-8u121-b13-0ubuntu1.16.10.2-b13)
# Java VM: OpenJDK 64-Bit Server VM (25.121-b13 mixed mode linux-amd64 compressed oops)
Heap:
 PSYoungGen      total 488448K, used 459617K [0x00000000d5580000, 0x00000000fee00000, 0x0000000100000000)
  eden space 444928K, 93% used [0x00000000d5580000,0x00000000eec02368,0x00000000f0800000)
  from space 43520K, 99% used [0x00000000f0800000,0x00000000f32562c0,0x00000000f3280000)
  to   space 115200K, 0% used [0x00000000f7d80000,0x00000000f7d80000,0x00000000fee00000)
 ParOldGen       total 296448K, used 277741K [0x0000000080000000, 0x0000000092180000, 0x00000000d5580000)
  object space 296448K, 93% used [0x0000000080000000,0x0000000090f3b440,0x0000000092180000)
 Metaspace       used 70078K, capacity 72568K, committed 72704K, reserved 1112064K
  class space    used 8624K, capacity 9152K, committed 9216K, reserved 1048576K
GC Heap History (10 events):
Event: 1912.412 GC heap before
{Heap before GC invocations=43 (full 10):
 PSYoungGen      total 567808K, used 66065K [0x00000000d5580000, 0x0000000100000000, 0x0000000100000000)
  eden space 436736K, 0% used [0x00000000d5580000,0x00000000d5580000,0x00000000f0000000)
  from space 131072K, 50% used [0x00000000f0000000,0x00000000f4084418,0x00000000f8000000)
  to   space 130048K, 0% used [0x00000000f8100000,0x00000000f8100000,0x0000000100000000)
 ParOldGen       total 295424K, used 293067K [0x0000000080000000, 0x0000000092080000, 0x00000000d5580000)
  object space 295424K, 99% used [0x0000000080000000,0x0000000091e32c90,0x0000000092080000)
 Metaspace       used 69756K, capacity 72060K, committed 72192K, reserved 1112064K
  class space    used 8611K, capacity 9128K, committed 9216K, reserved 1048576K
Event: 1912.933 GC heap after
Heap after GC invocations=43 (full 10):
 PSYoungGen      total 567808K, used 0K [0x00000000d5580000, 0x0000000100000000, 0x0000000100000000)
  eden space 436736K, 0% used [0x00000000d5580000,0x00000000d5580000,0x00000000f0000000)
  from space 131072K, 0% used [0x00000000f0000000,0x00000000f0000000,0x00000000f8000000)
  to   space 130048K, 0% used [0x00000000f8100000,0x00000000f8100000,0x0000000100000000)
 ParOldGen       total 296448K, used 163029K [0x0000000080000000, 0x0000000092180000, 0x00000000d5580000)
  object space 296448K, 54% used [0x0000000080000000,0x0000000089f35410,0x0000000092180000)
 Metaspace       used 69624K, capacity 71848K, committed 72192K, reserved 1112064K
  class space    used 8590K, capacity 9088K, committed 9216K, reserved 1048576K
}
Event: 1915.676 GC heap before
{Heap before GC invocations=44 (full 10):
 PSYoungGen      total 567808K, used 436736K [0x00000000d5580000, 0x0000000100000000, 0x0000000100000000)
  eden space 436736K, 100% used [0x00000000d5580000,0x00000000f0000000,0x00000000f0000000)
  from space 131072K, 0% used [0x00000000f0000000,0x00000000f0000000,0x00000000f8000000)
  to   space 130048K, 0% used [0x00000000f8100000,0x00000000f8100000,0x0000000100000000)
 ParOldGen       total 296448K, used 163029K [0x0000000080000000, 0x0000000092180000, 0x00000000d5580000)
  object space 296448K, 54% used [0x0000000080000000,0x0000000089f35410,0x0000000092180000)
 Metaspace       used 69725K, capacity 72074K, committed 72448K, reserved 1112064K
  class space    used 8604K, capacity 9115K, committed 9216K, reserved 1048576K
Event: 1915.695 GC heap after
Heap after GC invocations=44 (full 10):
 PSYoungGen      total 566784K, used 896K [0x00000000d5580000, 0x00000000fff00000, 0x0000000100000000)
  eden space 437760K, 0% used [0x00000000d5580000,0x00000000d5580000,0x00000000f0100000)
  from space 129024K, 0% used [0x00000000f8100000,0x00000000f81e0120,0x00000000fff00000)
  to   space 130048K, 0% used [0x00000000f0100000,0x00000000f0100000,0x00000000f8000000)
 ParOldGen       total 296448K, used 163037K [0x0000000080000000, 0x0000000092180000, 0x00000000d5580000)
  object space 296448K, 54% used [0x0000000080000000,0x0000000089f37410,0x0000000092180000)
 Metaspace       used 69725K, capacity 72074K, committed 72448K, reserved 1112064K
  class space    used 8604K, capacity 9115K, committed 9216K, reserved 1048576K
}
Event: 1918.330 GC heap before
{Heap before GC invocations=45 (full 10):
 PSYoungGen      total 566784K, used 438656K [0x00000000d5580000, 0x00000000fff00000, 0x0000000100000000)
  eden space 437760K, 100% used [0x00000000d5580000,0x00000000f0100000,0x00000000f0100000)
  from space 129024K, 0% used [0x00000000f8100000,0x00000000f81e0120,0x00000000fff00000)
  to   space 130048K, 0% used [0x00000000f0100000,0x00000000f0100000,0x00000000f8000000)
 ParOldGen       total 296448K, used 163037K [0x0000000080000000, 0x0000000092180000, 0x00000000d5580000)
  object space 296448K, 54% used [0x0000000080000000,0x0000000089f37410,0x0000000092180000)
 Metaspace       used 69777K, capacity 72192K, committed 72448K, reserved 1112064K
  class space    used 8608K, capacity 9122K, committed 9216K, reserved 1048576K
Event: 1918.374 GC heap after
Heap after GC invocations=45 (full 10):
 PSYoungGen      total 448512K, used 10240K [0x00000000d5580000, 0x00000000ffb00000, 0x0000000100000000)
  eden space 437760K, 0% used [0x00000000d5580000,0x00000000d5580000,0x00000000f0100000)
  from space 10752K, 95% used [0x00000000f0100000,0x00000000f0b00140,0x00000000f0b80000)
  to   space 126976K, 0% used [0x00000000f7f00000,0x00000000f7f00000,0x00000000ffb00000)
 ParOldGen       total 296448K, used 163037K [0x0000000080000000, 0x0000000092180000, 0x00000000d5580000)
  object space 296448K, 54% used [0x0000000080000000,0x0000000089f37410,0x0000000092180000)
 Metaspace       used 69777K, capacity 72192K, committed 72448K, reserved 1112064K
  class space    used 8608K, capacity 9122K, committed 9216K, reserved 1048576K
}
Event: 1927.092 GC heap before
{Heap before GC invocations=46 (full 10):
 PSYoungGen      total 448512K, used 448000K [0x00000000d5580000, 0x00000000ffb00000, 0x0000000100000000)
  eden space 437760K, 100% used [0x00000000d5580000,0x00000000f0100000,0x00000000f0100000)
  from space 10752K, 95% used [0x00000000f0100000,0x00000000f0b00140,0x00000000f0b80000)
  to   space 126976K, 0% used [0x00000000f7f00000,0x00000000f7f00000,0x00000000ffb00000)
 ParOldGen       total 296448K, used 163037K [0x0000000080000000, 0x0000000092180000, 0x00000000d5580000)
  object space 296448K, 54% used [0x0000000080000000,0x0000000089f37410,0x0000000092180000)
 Metaspace       used 70044K, capacity 72494K, committed 72704K, reserved 1112064K
  class space    used 8624K, capacity 9151K, committed 9216K, reserved 1048576K
Event: 1927.152 GC heap after
Heap after GC invocations=46 (full 10):
 PSYoungGen      total 571904K, used 19893K [0x00000000d5580000, 0x0000000100000000, 0x0000000100000000)
  eden space 444928K, 0% used [0x00000000d5580000,0x00000000d5580000,0x00000000f0800000)
  from space 126976K, 15% used [0x00000000f7f00000,0x00000000f926d4f8,0x00000000ffb00000)
  to   space 121856K, 0% used [0x00000000f0800000,0x00000000f0800000,0x00000000f7f00000)
 ParOldGen       total 296448K, used 163045K [0x0000000080000000, 0x0000000092180000, 0x00000000d5580000)
  object space 296448K, 54% used [0x0000000080000000,0x0000000089f39410,0x0000000092180000)
 Metaspace       used 70044K, capacity 72494K, committed 72704K, reserved 1112064K
  class space    used 8624K, capacity 9151K, committed 9216K, reserved 1048576K
}
Event: 1930.721 GC heap before
{Heap before GC invocations=47 (full 10):
 PSYoungGen      total 571904K, used 450035K [0x00000000d5580000, 0x0000000100000000, 0x0000000100000000)
  eden space 444928K, 96% used [0x00000000d5580000,0x00000000ef98fa38,0x00000000f0800000)
  from space 126976K, 15% used [0x00000000f7f00000,0x00000000f926d4f8,0x00000000ffb00000)
  to   space 121856K, 0% used [0x00000000f0800000,0x00000000f0800000,0x00000000f7f00000)
 ParOldGen       total 296448K, used 179429K [0x0000000080000000, 0x0000000092180000, 0x00000000d5580000)
  object space 296448K, 60% used [0x0000000080000000,0x000000008af39420,0x0000000092180000)
 Metaspace       used 70078K, capacity 72568K, committed 72704K, reserved 1112064K
  class space    used 8624K, capacity 9152K, committed 9216K, reserved 1048576K
Event: 1930.758 GC heap after
Heap after GC invocations=47 (full 10):
 PSYoungGen      total 488448K, used 43352K [0x00000000d5580000, 0x00000000fee00000, 0x0000000100000000)
  eden space 444928K, 0% used [0x00000000d5580000,0x00000000d5580000,0x00000000f0800000)
  from space 43520K, 99% used [0x00000000f0800000,0x00000000f32562c0,0x00000000f3280000)
  to   space 115200K, 0% used [0x00000000f7d80000,0x00000000f7d80000,0x00000000fee00000)
 ParOldGen       total 296448K, used 179437K [0x0000000080000000, 0x0000000092180000, 0x00000000d5580000)
  object space 296448K, 60% used [0x0000000080000000,0x000000008af3b420,0x0000000092180000)
 Metaspace       used 70078K, capacity 72568K, committed 72704K, reserved 1112064K
  class space    used 8624K, capacity 9152K, committed 9216K, reserved 1048576K
}

