# JRE version: OpenJDK Runtime Environment (8.0_121-b13) (build 1.8.0_121-8u121-b13-0ubuntu1.16.10.2-b13)
# Java VM: OpenJDK 64-Bit Server VM (25.121-b13 mixed mode linux-amd64 compressed oops)
Heap:
 PSYoungGen      total 285696K, used 28229K [0x00000000d5580000, 0x00000000eda00000, 0x0000000100000000)
  eden space 227840K, 0% used [0x00000000d5580000,0x00000000d5580000,0x00000000e3400000)
  from space 57856K, 48% used [0x00000000e7b00000,0x00000000e9691738,0x00000000eb380000)
  to   space 72704K, 0% used [0x00000000e3400000,0x00000000e3400000,0x00000000e7b00000)
 ParOldGen       total 82432K, used 81959K [0x0000000080000000, 0x0000000085080000, 0x00000000d5580000)
  object space 82432K, 99% used [0x0000000080000000,0x0000000085009c08,0x0000000085080000)
 Metaspace       used 75149K, capacity 78442K, committed 78720K, reserved 1118208K
  class space    used 9148K, capacity 9804K, committed 9856K, reserved 1048576K
GC Heap History (10 events):
Event: 262.976 GC heap after
Heap after GC invocations=28 (full 4):
 PSYoungGen      total 233984K, used 23509K [0x00000000d5580000, 0x00000000e6780000, 0x0000000100000000)
  eden space 195584K, 0% used [0x00000000d5580000,0x00000000d5580000,0x00000000e1480000)
  from space 38400K, 61% used [0x00000000e3b00000,0x00000000e51f5740,0x00000000e6080000)
  to   space 39424K, 0% used [0x00000000e1480000,0x00000000e1480000,0x00000000e3b00000)
 ParOldGen       total 82432K, used 44790K [0x0000000080000000, 0x0000000085080000, 0x00000000d5580000)
  object space 82432K, 54% used [0x0000000080000000,0x0000000082bbd838,0x0000000085080000)
 Metaspace       used 71263K, capacity 74430K, committed 74624K, reserved 1114112K
  class space    used 8824K, capacity 9432K, committed 9600K, reserved 1048576K
}
Event: 281.062 GC heap before
{Heap before GC invocations=29 (full 4):
 PSYoungGen      total 233984K, used 219093K [0x00000000d5580000, 0x00000000e6780000, 0x0000000100000000)
  eden space 195584K, 100% used [0x00000000d5580000,0x00000000e1480000,0x00000000e1480000)
  from space 38400K, 61% used [0x00000000e3b00000,0x00000000e51f5740,0x00000000e6080000)
  to   space 39424K, 0% used [0x00000000e1480000,0x00000000e1480000,0x00000000e3b00000)
 ParOldGen       total 82432K, used 44790K [0x0000000080000000, 0x0000000085080000, 0x00000000d5580000)
  object space 82432K, 54% used [0x0000000080000000,0x0000000082bbd838,0x0000000085080000)
 Metaspace       used 71981K, capacity 75220K, committed 75392K, reserved 1116160K
  class space    used 8878K, capacity 9541K, committed 9600K, reserved 1048576K
Event: 281.130 GC heap after
Heap after GC invocations=29 (full 4):
 PSYoungGen      total 235008K, used 25000K [0x00000000d5580000, 0x00000000e7580000, 0x0000000100000000)
  eden space 195584K, 0% used [0x00000000d5580000,0x00000000d5580000,0x00000000e1480000)
  from space 39424K, 63% used [0x00000000e1480000,0x00000000e2cea138,0x00000000e3b00000)
  to   space 40448K, 0% used [0x00000000e4e00000,0x00000000e4e00000,0x00000000e7580000)
 ParOldGen       total 82432K, used 44798K [0x0000000080000000, 0x0000000085080000, 0x00000000d5580000)
  object space 82432K, 54% used [0x0000000080000000,0x0000000082bbf838,0x0000000085080000)
 Metaspace       used 71981K, capacity 75220K, committed 75392K, reserved 1116160K
  class space    used 8878K, capacity 9541K, committed 9600K, reserved 1048576K
}
Event: 283.976 GC heap before
{Heap before GC invocations=30 (full 4):
 PSYoungGen      total 235008K, used 220584K [0x00000000d5580000, 0x00000000e7580000, 0x0000000100000000)
  eden space 195584K, 100% used [0x00000000d5580000,0x00000000e1480000,0x00000000e1480000)
  from space 39424K, 63% used [0x00000000e1480000,0x00000000e2cea138,0x00000000e3b00000)
  to   space 40448K, 0% used [0x00000000e4e00000,0x00000000e4e00000,0x00000000e7580000)
 ParOldGen       total 82432K, used 44798K [0x0000000080000000, 0x0000000085080000, 0x00000000d5580000)
  object space 82432K, 54% used [0x0000000080000000,0x0000000082bbf838,0x0000000085080000)
 Metaspace       used 74677K, capacity 77878K, committed 78208K, reserved 1118208K
  class space    used 9146K, capacity 9808K, committed 9856K, reserved 1048576K
Event: 284.072 GC heap after
Heap after GC invocations=30 (full 4):
 PSYoungGen      total 248832K, used 38162K [0x00000000d5580000, 0x00000000e8280000, 0x0000000100000000)
  eden space 208384K, 0% used [0x00000000d5580000,0x00000000d5580000,0x00000000e2100000)
  from space 40448K, 94% used [0x00000000e4e00000,0x00000000e7344bb0,0x00000000e7580000)
  to   space 46080K, 0% used [0x00000000e2100000,0x00000000e2100000,0x00000000e4e00000)
 ParOldGen       total 82432K, used 44806K [0x0000000080000000, 0x0000000085080000, 0x00000000d5580000)
  object space 82432K, 54% used [0x0000000080000000,0x0000000082bc1838,0x0000000085080000)
 Metaspace       used 74677K, capacity 77878K, committed 78208K, reserved 1118208K
  class space    used 9146K, capacity 9808K, committed 9856K, reserved 1048576K
}
Event: 285.915 GC heap before
{Heap before GC invocations=31 (full 4):
 PSYoungGen      total 248832K, used 246546K [0x00000000d5580000, 0x00000000e8280000, 0x0000000100000000)
  eden space 208384K, 100% used [0x00000000d5580000,0x00000000e2100000,0x00000000e2100000)
  from space 40448K, 94% used [0x00000000e4e00000,0x00000000e7344bb0,0x00000000e7580000)
  to   space 46080K, 0% used [0x00000000e2100000,0x00000000e2100000,0x00000000e4e00000)
 ParOldGen       total 82432K, used 44806K [0x0000000080000000, 0x0000000085080000, 0x00000000d5580000)
  object space 82432K, 54% used [0x0000000080000000,0x0000000082bc1838,0x0000000085080000)
 Metaspace       used 74905K, capacity 78134K, committed 78464K, reserved 1118208K
  class space    used 9149K, capacity 9808K, committed 9856K, reserved 1048576K
Event: 286.086 GC heap after
Heap after GC invocations=31 (full 4):
 PSYoungGen      total 254464K, used 46060K [0x00000000d5580000, 0x00000000eb380000, 0x0000000100000000)
  eden space 208384K, 0% used [0x00000000d5580000,0x00000000d5580000,0x00000000e2100000)
  from space 46080K, 99% used [0x00000000e2100000,0x00000000e4dfb2d8,0x00000000e4e00000)
  to   space 57856K, 0% used [0x00000000e7b00000,0x00000000e7b00000,0x00000000eb380000)
 ParOldGen       total 82432K, used 56962K [0x0000000080000000, 0x0000000085080000, 0x00000000d5580000)
  object space 82432K, 69% used [0x0000000080000000,0x00000000837a0a08,0x0000000085080000)
 Metaspace       used 74905K, capacity 78134K, committed 78464K, reserved 1118208K
  class space    used 9149K, capacity 9808K, committed 9856K, reserved 1048576K
}
Event: 287.373 GC heap before
{Heap before GC invocations=32 (full 4):
 PSYoungGen      total 254464K, used 254444K [0x00000000d5580000, 0x00000000eb380000, 0x0000000100000000)
  eden space 208384K, 100% used [0x00000000d5580000,0x00000000e2100000,0x00000000e2100000)
  from space 46080K, 99% used [0x00000000e2100000,0x00000000e4dfb2d8,0x00000000e4e00000)
  to   space 57856K, 0% used [0x00000000e7b00000,0x00000000e7b00000,0x00000000eb380000)
 ParOldGen       total 82432K, used 56962K [0x0000000080000000, 0x0000000085080000, 0x00000000d5580000)
  object space 82432K, 69% used [0x0000000080000000,0x00000000837a0a08,0x0000000085080000)
 Metaspace       used 75155K, capacity 78454K, committed 78720K, reserved 1118208K
  class space    used 9150K, capacity 9808K, committed 9856K, reserved 1048576K
Event: 287.601 GC heap after
Heap after GC invocations=32 (full 4):
 PSYoungGen      total 285696K, used 57833K [0x00000000d5580000, 0x00000000eda00000, 0x0000000100000000)
  eden space 227840K, 0% used [0x00000000d5580000,0x00000000d5580000,0x00000000e3400000)
  from space 57856K, 99% used [0x00000000e7b00000,0x00000000eb37a6d0,0x00000000eb380000)
  to   space 72704K, 0% used [0x00000000e3400000,0x00000000e3400000,0x00000000e7b00000)
 ParOldGen       total 82432K, used 70622K [0x0000000080000000, 0x0000000085080000, 0x00000000d5580000)
  object space 82432K, 85% used [0x0000000080000000,0x00000000844f7a30,0x0000000085080000)
 Metaspace       used 75155K, capacity 78454K, committed 78720K, reserved 1118208K
  class space    used 9150K, capacity 9808K, committed 9856K, reserved 1048576K
}
Event: 287.602 GC heap before
{Heap before GC invocations=33 (full 5):
 PSYoungGen      total 285696K, used 57833K [0x00000000d5580000, 0x00000000eda00000, 0x0000000100000000)
  eden space 227840K, 0% used [0x00000000d5580000,0x00000000d5580000,0x00000000e3400000)
  from space 57856K, 99% used [0x00000000e7b00000,0x00000000eb37a6d0,0x00000000eb380000)
  to   space 72704K, 0% used [0x00000000e3400000,0x00000000e3400000,0x00000000e7b00000)
 ParOldGen       total 82432K, used 70622K [0x0000000080000000, 0x0000000085080000, 0x00000000d5580000)
  object space 82432K, 85% used [0x0000000080000000,0x00000000844f7a30,0x0000000085080000)
 Metaspace       used 75155K, capacity 78454K, committed 78720K, reserved 1118208K
  class space    used 9150K, capacity 9808K, committed 9856K, reserved 1048576K

