# JRE version: OpenJDK Runtime Environment (8.0_121-b13) (build 1.8.0_121-8u121-b13-0ubuntu1.16.10.2-b13)
# Java VM: OpenJDK 64-Bit Server VM (25.121-b13 mixed mode linux-amd64 compressed oops)
Heap:
 PSYoungGen      total 475136K, used 90307K [0x00000000d5580000, 0x00000000f8c80000, 0x0000000100000000)
  eden space 369664K, 0% used [0x00000000d5580000,0x00000000d5580000,0x00000000ebe80000)
  from space 105472K, 85% used [0x00000000ebe80000,0x00000000f16b0c70,0x00000000f2580000)
  to   space 98816K, 0% used [0x00000000f2c00000,0x00000000f2c00000,0x00000000f8c80000)
 ParOldGen       total 364544K, used 103324K [0x0000000080000000, 0x0000000096400000, 0x00000000d5580000)
  object space 364544K, 28% used [0x0000000080000000,0x00000000864e7158,0x0000000096400000)
 Metaspace       used 72447K, capacity 75228K, committed 75392K, reserved 1116160K
  class space    used 9012K, capacity 9548K, committed 9600K, reserved 1048576K
GC Heap History (10 events):
Event: 1453.357 GC heap after
Heap after GC invocations=45 (full 11):
 PSYoungGen      total 396800K, used 46895K [0x00000000d5580000, 0x00000000f3580000, 0x0000000100000000)
  eden space 330240K, 0% used [0x00000000d5580000,0x00000000d5580000,0x00000000e9800000)
  from space 66560K, 70% used [0x00000000ede80000,0x00000000f0c4be68,0x00000000f1f80000)
  to   space 72192K, 0% used [0x00000000e9800000,0x00000000e9800000,0x00000000ede80000)
 ParOldGen       total 364544K, used 49102K [0x0000000080000000, 0x0000000096400000, 0x00000000d5580000)
  object space 364544K, 13% used [0x0000000080000000,0x0000000082ff3bb8,0x0000000096400000)
 Metaspace       used 72407K, capacity 75196K, committed 75392K, reserved 1116160K
  class space    used 9011K, capacity 9546K, committed 9600K, reserved 1048576K
}
Event: 1454.052 GC heap before
{Heap before GC invocations=46 (full 11):
 PSYoungGen      total 396800K, used 366000K [0x00000000d5580000, 0x00000000f3580000, 0x0000000100000000)
  eden space 330240K, 96% used [0x00000000d5580000,0x00000000e8d20380,0x00000000e9800000)
  from space 66560K, 70% used [0x00000000ede80000,0x00000000f0c4be68,0x00000000f1f80000)
  to   space 72192K, 0% used [0x00000000e9800000,0x00000000e9800000,0x00000000ede80000)
 ParOldGen       total 364544K, used 49102K [0x0000000080000000, 0x0000000096400000, 0x00000000d5580000)
  object space 364544K, 13% used [0x0000000080000000,0x0000000082ff3bb8,0x0000000096400000)
 Metaspace       used 72408K, capacity 75196K, committed 75392K, reserved 1116160K
  class space    used 9011K, capacity 9546K, committed 9600K, reserved 1048576K
Event: 1454.115 GC heap after
Heap after GC invocations=46 (full 11):
 PSYoungGen      total 402432K, used 72163K [0x00000000d5580000, 0x00000000f7980000, 0x0000000100000000)
  eden space 330240K, 0% used [0x00000000d5580000,0x00000000d5580000,0x00000000e9800000)
  from space 72192K, 99% used [0x00000000e9800000,0x00000000ede78ce0,0x00000000ede80000)
  to   space 105472K, 0% used [0x00000000f1280000,0x00000000f1280000,0x00000000f7980000)
 ParOldGen       total 364544K, used 103324K [0x0000000080000000, 0x0000000096400000, 0x00000000d5580000)
  object space 364544K, 28% used [0x0000000080000000,0x00000000864e7158,0x0000000096400000)
 Metaspace       used 72408K, capacity 75196K, committed 75392K, reserved 1116160K
  class space    used 9011K, capacity 9546K, committed 9600K, reserved 1048576K
}
Event: 1455.080 GC heap before
{Heap before GC invocations=47 (full 11):
 PSYoungGen      total 402432K, used 401781K [0x00000000d5580000, 0x00000000f7980000, 0x0000000100000000)
  eden space 330240K, 99% used [0x00000000d5580000,0x00000000e9764990,0x00000000e9800000)
  from space 72192K, 99% used [0x00000000e9800000,0x00000000ede78ce0,0x00000000ede80000)
  to   space 105472K, 0% used [0x00000000f1280000,0x00000000f1280000,0x00000000f7980000)
 ParOldGen       total 364544K, used 103324K [0x0000000080000000, 0x0000000096400000, 0x00000000d5580000)
  object space 364544K, 28% used [0x0000000080000000,0x00000000864e7158,0x0000000096400000)
 Metaspace       used 72416K, capacity 75196K, committed 75392K, reserved 1116160K
  class space    used 9011K, capacity 9546K, committed 9600K, reserved 1048576K
Event: 1455.169 GC heap after
Heap after GC invocations=47 (full 11):
 PSYoungGen      total 446464K, used 76362K [0x00000000d5580000, 0x00000000f9100000, 0x0000000100000000)
  eden space 340992K, 0% used [0x00000000d5580000,0x00000000d5580000,0x00000000ea280000)
  from space 105472K, 72% used [0x00000000f1280000,0x00000000f5d12990,0x00000000f7980000)
  to   space 114688K, 0% used [0x00000000ea280000,0x00000000ea280000,0x00000000f1280000)
 ParOldGen       total 364544K, used 103324K [0x0000000080000000, 0x0000000096400000, 0x00000000d5580000)
  object space 364544K, 28% used [0x0000000080000000,0x00000000864e7158,0x0000000096400000)
 Metaspace       used 72416K, capacity 75196K, committed 75392K, reserved 1116160K
  class space    used 9011K, capacity 9546K, committed 9600K, reserved 1048576K
}
Event: 1455.277 GC heap before
{Heap before GC invocations=48 (full 11):
 PSYoungGen      total 446464K, used 417351K [0x00000000d5580000, 0x00000000f9100000, 0x0000000100000000)
  eden space 340992K, 99% used [0x00000000d5580000,0x00000000ea27f608,0x00000000ea280000)
  from space 105472K, 72% used [0x00000000f1280000,0x00000000f5d12990,0x00000000f7980000)
  to   space 114688K, 0% used [0x00000000ea280000,0x00000000ea280000,0x00000000f1280000)
 ParOldGen       total 364544K, used 103324K [0x0000000080000000, 0x0000000096400000, 0x00000000d5580000)
  object space 364544K, 28% used [0x0000000080000000,0x00000000864e7158,0x0000000096400000)
 Metaspace       used 72416K, capacity 75196K, committed 75392K, reserved 1116160K
  class space    used 9011K, capacity 9546K, committed 9600K, reserved 1048576K
Event: 1455.302 GC heap after
Heap after GC invocations=48 (full 11):
 PSYoungGen      total 455680K, used 31248K [0x00000000d5580000, 0x00000000f9580000, 0x0000000100000000)
  eden space 340992K, 0% used [0x00000000d5580000,0x00000000d5580000,0x00000000ea280000)
  from space 114688K, 27% used [0x00000000ea280000,0x00000000ec104248,0x00000000f1280000)
  to   space 108032K, 0% used [0x00000000f2c00000,0x00000000f2c00000,0x00000000f9580000)
 ParOldGen       total 364544K, used 103324K [0x0000000080000000, 0x0000000096400000, 0x00000000d5580000)
  object space 364544K, 28% used [0x0000000080000000,0x00000000864e7158,0x0000000096400000)
 Metaspace       used 72416K, capacity 75196K, committed 75392K, reserved 1116160K
  class space    used 9011K, capacity 9546K, committed 9600K, reserved 1048576K
}
Event: 1456.560 GC heap before
{Heap before GC invocations=49 (full 11):
 PSYoungGen      total 455680K, used 372240K [0x00000000d5580000, 0x00000000f9580000, 0x0000000100000000)
  eden space 340992K, 100% used [0x00000000d5580000,0x00000000ea280000,0x00000000ea280000)
  from space 114688K, 27% used [0x00000000ea280000,0x00000000ec104248,0x00000000f1280000)
  to   space 108032K, 0% used [0x00000000f2c00000,0x00000000f2c00000,0x00000000f9580000)
 ParOldGen       total 364544K, used 103324K [0x0000000080000000, 0x0000000096400000, 0x00000000d5580000)
  object space 364544K, 28% used [0x0000000080000000,0x00000000864e7158,0x0000000096400000)
 Metaspace       used 72423K, capacity 75210K, committed 75392K, reserved 1116160K
  class space    used 9011K, capacity 9547K, committed 9600K, reserved 1048576K
Event: 1456.593 GC heap after
Heap after GC invocations=49 (full 11):
 PSYoungGen      total 468480K, used 9705K [0x00000000d5580000, 0x00000000f8c80000, 0x0000000100000000)
  eden space 369664K, 0% used [0x00000000d5580000,0x00000000d5580000,0x00000000ebe80000)
  from space 98816K, 9% used [0x00000000f2c00000,0x00000000f357a430,0x00000000f8c80000)
  to   space 105472K, 0% used [0x00000000ebe80000,0x00000000ebe80000,0x00000000f2580000)
 ParOldGen       total 364544K, used 103324K [0x0000000080000000, 0x0000000096400000, 0x00000000d5580000)
  object space 364544K, 28% used [0x0000000080000000,0x00000000864e7158,0x0000000096400000)
 Metaspace       used 72423K, capacity 75210K, committed 75392K, reserved 1116160K
  class space    used 9011K, capacity 9547K, committed 9600K, reserved 1048576K
}
Event: 1458.801 GC heap before
{Heap before GC invocations=50 (full 11):
 PSYoungGen      total 468480K, used 360715K [0x00000000d5580000, 0x00000000f8c80000, 0x0000000100000000)
  eden space 369664K, 94% used [0x00000000d5580000,0x00000000eac48af0,0x00000000ebe80000)
  from space 98816K, 9% used [0x00000000f2c00000,0x00000000f357a430,0x00000000f8c80000)
  to   space 105472K, 0% used [0x00000000ebe80000,0x00000000ebe80000,0x00000000f2580000)
 ParOldGen       total 364544K, used 103324K [0x0000000080000000, 0x0000000096400000, 0x00000000d5580000)
  object space 364544K, 28% used [0x0000000080000000,0x00000000864e7158,0x0000000096400000)
 Metaspace       used 72447K, capacity 75228K, committed 75392K, reserved 1116160K
  class space    used 9012K, capacity 9548K, committed 9600K, reserved 1048576K

