# JRE version: OpenJDK Runtime Environment (8.0_121-b13) (build 1.8.0_121-8u121-b13-0ubuntu1.16.10.2-b13)
# Java VM: OpenJDK 64-Bit Server VM (25.121-b13 mixed mode linux-amd64 compressed oops)
Heap:
 PSYoungGen      total 558592K, used 0K [0x00000000d5580000, 0x0000000100000000, 0x0000000100000000)
  eden space 418304K, 0% used [0x00000000d5580000,0x00000000d5580000,0x00000000eee00000)
  from space 140288K, 0% used [0x00000000eee00000,0x00000000eee00000,0x00000000f7700000)
  to   space 140288K, 0% used [0x00000000f7700000,0x00000000f7700000,0x0000000100000000)
 ParOldGen       total 297472K, used 283146K [0x0000000080000000, 0x0000000092280000, 0x00000000d5580000)
  object space 297472K, 95% used [0x0000000080000000,0x0000000091482978,0x0000000092280000)
 Metaspace       used 74454K, capacity 77652K, committed 77824K, reserved 1118208K
  class space    used 9059K, capacity 9690K, committed 9728K, reserved 1048576K
GC Heap History (10 events):
Event: 2438.726 GC heap after
Heap after GC invocations=45 (full 10):
 PSYoungGen      total 541696K, used 0K [0x00000000d5580000, 0x0000000100000000, 0x0000000100000000)
  eden space 453632K, 0% used [0x00000000d5580000,0x00000000d5580000,0x00000000f1080000)
  from space 88064K, 0% used [0x00000000f1080000,0x00000000f1080000,0x00000000f6680000)
  to   space 112128K, 0% used [0x00000000f9280000,0x00000000f9280000,0x0000000100000000)
 ParOldGen       total 221696K, used 124815K [0x0000000080000000, 0x000000008d880000, 0x00000000d5580000)
  object space 221696K, 56% used [0x0000000080000000,0x00000000879e3e58,0x000000008d880000)
 Metaspace       used 73757K, capacity 76952K, committed 77312K, reserved 1116160K
  class space    used 8993K, capacity 9616K, committed 9728K, reserved 1048576K
}
Event: 2440.986 GC heap before
{Heap before GC invocations=46 (full 10):
 PSYoungGen      total 541696K, used 453632K [0x00000000d5580000, 0x0000000100000000, 0x0000000100000000)
  eden space 453632K, 100% used [0x00000000d5580000,0x00000000f1080000,0x00000000f1080000)
  from space 88064K, 0% used [0x00000000f1080000,0x00000000f1080000,0x00000000f6680000)
  to   space 112128K, 0% used [0x00000000f9280000,0x00000000f9280000,0x0000000100000000)
 ParOldGen       total 221696K, used 124815K [0x0000000080000000, 0x000000008d880000, 0x00000000d5580000)
  object space 221696K, 56% used [0x0000000080000000,0x00000000879e3e58,0x000000008d880000)
 Metaspace       used 73774K, capacity 76952K, committed 77312K, reserved 1116160K
  class space    used 8993K, capacity 9616K, committed 9728K, reserved 1048576K
Event: 2441.151 GC heap after
Heap after GC invocations=46 (full 10):
 PSYoungGen      total 588800K, used 54200K [0x00000000d5580000, 0x0000000100000000, 0x0000000100000000)
  eden space 476672K, 0% used [0x00000000d5580000,0x00000000d5580000,0x00000000f2700000)
  from space 112128K, 48% used [0x00000000f9280000,0x00000000fc76e0e0,0x0000000100000000)
  to   space 110080K, 0% used [0x00000000f2700000,0x00000000f2700000,0x00000000f9280000)
 ParOldGen       total 221696K, used 124823K [0x0000000080000000, 0x000000008d880000, 0x00000000d5580000)
  object space 221696K, 56% used [0x0000000080000000,0x00000000879e5e58,0x000000008d880000)
 Metaspace       used 73774K, capacity 76952K, committed 77312K, reserved 1116160K
  class space    used 8993K, capacity 9616K, committed 9728K, reserved 1048576K
}
Event: 2444.332 GC heap before
{Heap before GC invocations=47 (full 10):
 PSYoungGen      total 588800K, used 530872K [0x00000000d5580000, 0x0000000100000000, 0x0000000100000000)
  eden space 476672K, 100% used [0x00000000d5580000,0x00000000f2700000,0x00000000f2700000)
  from space 112128K, 48% used [0x00000000f9280000,0x00000000fc76e0e0,0x0000000100000000)
  to   space 110080K, 0% used [0x00000000f2700000,0x00000000f2700000,0x00000000f9280000)
 ParOldGen       total 221696K, used 124823K [0x0000000080000000, 0x000000008d880000, 0x00000000d5580000)
  object space 221696K, 56% used [0x0000000080000000,0x00000000879e5e58,0x000000008d880000)
 Metaspace       used 73815K, capacity 76954K, committed 77312K, reserved 1116160K
  class space    used 8997K, capacity 9617K, committed 9728K, reserved 1048576K
Event: 2444.475 GC heap after
Heap after GC invocations=47 (full 10):
 PSYoungGen      total 552448K, used 75270K [0x00000000d5580000, 0x0000000100000000, 0x0000000100000000)
  eden space 476672K, 0% used [0x00000000d5580000,0x00000000d5580000,0x00000000f2700000)
  from space 75776K, 99% used [0x00000000f2700000,0x00000000f70818d8,0x00000000f7100000)
  to   space 115712K, 0% used [0x00000000f8f00000,0x00000000f8f00000,0x0000000100000000)
 ParOldGen       total 221696K, used 124831K [0x0000000080000000, 0x000000008d880000, 0x00000000d5580000)
  object space 221696K, 56% used [0x0000000080000000,0x00000000879e7e58,0x000000008d880000)
 Metaspace       used 73815K, capacity 76954K, committed 77312K, reserved 1116160K
  class space    used 8997K, capacity 9617K, committed 9728K, reserved 1048576K
}
Event: 2449.335 GC heap before
{Heap before GC invocations=48 (full 10):
 PSYoungGen      total 552448K, used 544027K [0x00000000d5580000, 0x0000000100000000, 0x0000000100000000)
  eden space 476672K, 98% used [0x00000000d5580000,0x00000000f1f453a0,0x00000000f2700000)
  from space 75776K, 99% used [0x00000000f2700000,0x00000000f70818d8,0x00000000f7100000)
  to   space 115712K, 0% used [0x00000000f8f00000,0x00000000f8f00000,0x0000000100000000)
 ParOldGen       total 221696K, used 124831K [0x0000000080000000, 0x000000008d880000, 0x00000000d5580000)
  object space 221696K, 56% used [0x0000000080000000,0x00000000879e7e58,0x000000008d880000)
 Metaspace       used 74454K, capacity 77652K, committed 77824K, reserved 1118208K
  class space    used 9059K, capacity 9690K, committed 9728K, reserved 1048576K
Event: 2449.635 GC heap after
Heap after GC invocations=48 (full 10):
 PSYoungGen      total 534016K, used 115685K [0x00000000d5580000, 0x0000000100000000, 0x0000000100000000)
  eden space 418304K, 0% used [0x00000000d5580000,0x00000000d5580000,0x00000000eee00000)
  from space 115712K, 99% used [0x00000000f8f00000,0x00000000ffff9708,0x0000000100000000)
  to   space 140288K, 0% used [0x00000000eee00000,0x00000000eee00000,0x00000000f7700000)
 ParOldGen       total 221696K, used 138788K [0x0000000080000000, 0x000000008d880000, 0x00000000d5580000)
  object space 221696K, 62% used [0x0000000080000000,0x00000000887891a8,0x000000008d880000)
 Metaspace       used 74454K, capacity 77652K, committed 77824K, reserved 1118208K
  class space    used 9059K, capacity 9690K, committed 9728K, reserved 1048576K
}
Event: 2451.029 GC heap before
{Heap before GC invocations=49 (full 10):
 PSYoungGen      total 534016K, used 524252K [0x00000000d5580000, 0x0000000100000000, 0x0000000100000000)
  eden space 418304K, 97% used [0x00000000d5580000,0x00000000ee47db18,0x00000000eee00000)
  from space 115712K, 99% used [0x00000000f8f00000,0x00000000ffff9708,0x0000000100000000)
  to   space 140288K, 0% used [0x00000000eee00000,0x00000000eee00000,0x00000000f7700000)
 ParOldGen       total 221696K, used 138788K [0x0000000080000000, 0x000000008d880000, 0x00000000d5580000)
  object space 221696K, 62% used [0x0000000080000000,0x00000000887891a8,0x000000008d880000)
 Metaspace       used 74454K, capacity 77652K, committed 77824K, reserved 1118208K
  class space    used 9059K, capacity 9690K, committed 9728K, reserved 1048576K
Event: 2451.276 GC heap after
Heap after GC invocations=49 (full 10):
 PSYoungGen      total 558592K, used 140287K [0x00000000d5580000, 0x0000000100000000, 0x0000000100000000)
  eden space 418304K, 0% used [0x00000000d5580000,0x00000000d5580000,0x00000000eee00000)
  from space 140288K, 99% used [0x00000000eee00000,0x00000000f76ffdc0,0x00000000f7700000)
  to   space 140288K, 0% used [0x00000000f7700000,0x00000000f7700000,0x0000000100000000)
 ParOldGen       total 297472K, used 292524K [0x0000000080000000, 0x0000000092280000, 0x00000000d5580000)
  object space 297472K, 98% used [0x0000000080000000,0x0000000091dab048,0x0000000092280000)
 Metaspace       used 74454K, capacity 77652K, committed 77824K, reserved 1118208K
  class space    used 9059K, capacity 9690K, committed 9728K, reserved 1048576K
}
Event: 2451.276 GC heap before
{Heap before GC invocations=50 (full 11):
 PSYoungGen      total 558592K, used 140287K [0x00000000d5580000, 0x0000000100000000, 0x0000000100000000)
  eden space 418304K, 0% used [0x00000000d5580000,0x00000000d5580000,0x00000000eee00000)
  from space 140288K, 99% used [0x00000000eee00000,0x00000000f76ffdc0,0x00000000f7700000)
  to   space 140288K, 0% used [0x00000000f7700000,0x00000000f7700000,0x0000000100000000)
 ParOldGen       total 297472K, used 292524K [0x0000000080000000, 0x0000000092280000, 0x00000000d5580000)
  object space 297472K, 98% used [0x0000000080000000,0x0000000091dab048,0x0000000092280000)
 Metaspace       used 74454K, capacity 77652K, committed 77824K, reserved 1118208K
  class space    used 9059K, capacity 9690K, committed 9728K, reserved 1048576K

